[ 2014-07-03T07:07:39+08:00 ] 180.153.212.45 /
INFO: [ app_init ] --START--
INFO: Run Behavior\BuildLiteBehavior [ RunTime:0.000016s ]
INFO: [ app_init ] --END-- [ RunTime:0.000297s ]
INFO: [ app_begin ] --START--
INFO: Run Behavior\ReadHtmlCacheBehavior [ RunTime:0.000328s ]
INFO: [ app_begin ] --END-- [ RunTime:0.000384s ]
SQL: SHOW COLUMNS FROM `auction` [ RunTime:0.004177s ]
SQL: SHOW COLUMNS FROM `iteminfo` [ RunTime:0.000466s ]
SQL: SELECT MAX(time) AS tp_max FROM `auction` LIMIT 1   [ RunTime:0.007047s ]
SQL: SELECT * FROM `auction` WHERE ( `time` >= '1404260234' ) AND ( `group` = 1 ) ORDER BY item LIMIT 400   [ RunTime:0.000296s ]
SQL: SELECT * FROM `iteminfo` WHERE ( item=647 )  [ RunTime:0.000079s ]
SQL: SELECT * FROM `iteminfo` WHERE ( item=647 )  [ RunTime:0.000068s ]
SQL: SELECT * FROM `iteminfo` WHERE ( item=754 )  [ RunTime:0.000069s ]
SQL: SELECT * FROM `iteminfo` WHERE ( item=754 )  [ RunTime:0.000069s ]
SQL: SELECT * FROM `iteminfo` WHERE ( item=765 )  [ RunTime:0.000068s ]
SQL: SELECT * FROM `iteminfo` WHERE ( item=765 )  [ RunTime:0.000064s ]
SQL: SELECT * FROM `iteminfo` WHERE ( item=765 )  [ RunTime:0.000064s ]
SQL: SELECT * FROM `iteminfo` WHERE ( item=765 )  [ RunTime:0.000065s ]
SQL: SELECT * FROM `iteminfo` WHERE ( item=765 )  [ RunTime:0.000070s ]
SQL: SELECT * FROM `iteminfo` WHERE ( item=765 )  [ RunTime:0.000067s ]
SQL: SELECT * FROM `iteminfo` WHERE ( item=765 )  [ RunTime:0.000069s ]
SQL: SELECT * FROM `iteminfo` WHERE ( item=765 )  [ RunTime:0.000066s ]
SQL: SELECT * FROM `iteminfo` WHERE ( item=765 )  [ RunTime:0.000066s ]
SQL: SELECT * FROM `iteminfo` WHERE ( item=765 )  [ RunTime:0.000063s ]
SQL: SELECT * FROM `iteminfo` WHERE ( item=765 )  [ RunTime:0.000065s ]
SQL: SELECT * FROM `iteminfo` WHERE ( item=765 )  [ RunTime:0.000065s ]
SQL: SELECT * FROM `iteminfo` WHERE ( item=765 )  [ RunTime:0.000063s ]
SQL: SELECT * FROM `iteminfo` WHERE ( item=765 )  [ RunTime:0.000070s ]
SQL: SELECT * FROM `iteminfo` WHERE ( item=765 )  [ RunTime:0.000065s ]
SQL: SELECT * FROM `iteminfo` WHERE ( item=765 )  [ RunTime:0.000066s ]
SQL: SELECT * FROM `iteminfo` WHERE ( item=765 )  [ RunTime:0.000062s ]
SQL: SELECT * FROM `iteminfo` WHERE ( item=765 )  [ RunTime:0.000063s ]
SQL: SELECT * FROM `iteminfo` WHERE ( item=765 )  [ RunTime:0.000063s ]
SQL: SELECT * FROM `iteminfo` WHERE ( item=765 )  [ RunTime:0.004461s ]
SQL: SELECT * FROM `iteminfo` WHERE ( item=765 )  [ RunTime:0.000078s ]
SQL: SELECT * FROM `iteminfo` WHERE ( item=765 )  [ RunTime:0.000071s ]
SQL: SELECT * FROM `iteminfo` WHERE ( item=765 )  [ RunTime:0.000075s ]
SQL: SELECT * FROM `iteminfo` WHERE ( item=769 )  [ RunTime:0.000073s ]
SQL: SELECT * FROM `iteminfo` WHERE ( item=774 )  [ RunTime:0.000068s ]
SQL: SELECT * FROM `iteminfo` WHERE ( item=774 )  [ RunTime:0.000072s ]
SQL: SELECT * FROM `iteminfo` WHERE ( item=774 )  [ RunTime:0.000065s ]
SQL: SELECT * FROM `iteminfo` WHERE ( item=774 )  [ RunTime:0.000069s ]
SQL: SELECT * FROM `iteminfo` WHERE ( item=774 )  [ RunTime:0.000069s ]
SQL: SELECT * FROM `iteminfo` WHERE ( item=774 )  [ RunTime:0.000064s ]
SQL: SELECT * FROM `iteminfo` WHERE ( item=774 )  [ RunTime:0.000067s ]
SQL: SELECT * FROM `iteminfo` WHERE ( item=774 )  [ RunTime:0.000068s ]
SQL: SELECT * FROM `iteminfo` WHERE ( item=774 )  [ RunTime:0.000063s ]
SQL: SELECT * FROM `iteminfo` WHERE ( item=774 )  [ RunTime:0.000067s ]
SQL: SELECT * FROM `iteminfo` WHERE ( item=774 )  [ RunTime:0.000063s ]
SQL: SELECT * FROM `iteminfo` WHERE ( item=774 )  [ RunTime:0.000067s ]
SQL: SELECT * FROM `iteminfo` WHERE ( item=774 )  [ RunTime:0.000065s ]
SQL: SELECT * FROM `iteminfo` WHERE ( item=774 )  [ RunTime:0.000064s ]
SQL: SELECT * FROM `iteminfo` WHERE ( item=774 )  [ RunTime:0.000063s ]
SQL: SELECT * FROM `iteminfo` WHERE ( item=774 )  [ RunTime:0.000066s ]
SQL: SELECT * FROM `iteminfo` WHERE ( item=783 )  [ RunTime:0.000066s ]
SQL: SELECT * FROM `iteminfo` WHERE ( item=783 )  [ RunTime:0.001211s ]
SQL: SELECT * FROM `iteminfo` WHERE ( item=783 )  [ RunTime:0.000070s ]
SQL: SELECT * FROM `iteminfo` WHERE ( item=783 )  [ RunTime:0.000066s ]
SQL: SELECT * FROM `iteminfo` WHERE ( item=785 )  [ RunTime:0.000063s ]
SQL: SELECT * FROM `iteminfo` WHERE ( item=785 )  [ RunTime:0.000066s ]
SQL: SELECT * FROM `iteminfo` WHERE ( item=785 )  [ RunTime:0.000062s ]
SQL: SELECT * FROM `iteminfo` WHERE ( item=785 )  [ RunTime:0.001099s ]
SQL: SELECT * FROM `iteminfo` WHERE ( item=785 )  [ RunTime:0.000696s ]
SQL: SELECT * FROM `iteminfo` WHERE ( item=785 )  [ RunTime:0.000344s ]
SQL: SELECT * FROM `iteminfo` WHERE ( item=785 )  [ RunTime:0.000386s ]
SQL: SELECT * FROM `iteminfo` WHERE ( item=785 )  [ RunTime:0.000175s ]
SQL: SELECT * FROM `iteminfo` WHERE ( item=785 )  [ RunTime:0.002847s ]
SQL: SELECT * FROM `iteminfo` WHERE ( item=785 )  [ RunTime:0.000093s ]
SQL: SELECT * FROM `iteminfo` WHERE ( item=785 )  [ RunTime:0.000094s ]
SQL: SELECT * FROM `iteminfo` WHERE ( item=785 )  [ RunTime:0.000099s ]
SQL: SELECT * FROM `iteminfo` WHERE ( item=785 )  [ RunTime:0.000097s ]
SQL: SELECT * FROM `iteminfo` WHERE ( item=785 )  [ RunTime:0.000075s ]
SQL: SELECT * FROM `iteminfo` WHERE ( item=785 )  [ RunTime:0.000074s ]
SQL: SELECT * FROM `iteminfo` WHERE ( item=785 )  [ RunTime:0.000089s ]
SQL: SELECT * FROM `iteminfo` WHERE ( item=785 )  [ RunTime:0.000070s ]
SQL: SELECT * FROM `iteminfo` WHERE ( item=785 )  [ RunTime:0.000095s ]
SQL: SELECT * FROM `iteminfo` WHERE ( item=785 )  [ RunTime:0.000465s ]
SQL: SELECT * FROM `iteminfo` WHERE ( item=785 )  [ RunTime:0.000609s ]
SQL: SELECT * FROM `iteminfo` WHERE ( item=785 )  [ RunTime:0.000285s ]
SQL: SELECT * FROM `iteminfo` WHERE ( item=785 )  [ RunTime:0.000278s ]
SQL: SELECT * FROM `iteminfo` WHERE ( item=785 )  [ RunTime:0.000280s ]
SQL: SELECT * FROM `iteminfo` WHERE ( item=785 )  [ RunTime:0.000293s ]
SQL: SELECT * FROM `iteminfo` WHERE ( item=785 )  [ RunTime:0.000269s ]
SQL: SELECT * FROM `iteminfo` WHERE ( item=785 )  [ RunTime:0.000266s ]
SQL: SELECT * FROM `iteminfo` WHERE ( item=785 )  [ RunTime:0.000266s ]
SQL: SELECT * FROM `iteminfo` WHERE ( item=785 )  [ RunTime:0.000264s ]
SQL: SELECT * FROM `iteminfo` WHERE ( item=785 )  [ RunTime:0.000263s ]
SQL: SELECT * FROM `iteminfo` WHERE ( item=785 )  [ RunTime:0.000263s ]
SQL: SELECT * FROM `iteminfo` WHERE ( item=785 )  [ RunTime:0.000264s ]
SQL: SELECT * FROM `iteminfo` WHERE ( item=785 )  [ RunTime:0.000268s ]
SQL: SELECT * FROM `iteminfo` WHERE ( item=785 )  [ RunTime:0.000262s ]
SQL: SELECT * FROM `iteminfo` WHERE ( item=785 )  [ RunTime:0.000283s ]
SQL: SELECT * FROM `iteminfo` WHERE ( item=785 )  [ RunTime:0.000276s ]
SQL: SELECT * FROM `iteminfo` WHERE ( item=789 )  [ RunTime:0.000274s ]
SQL: SELECT * FROM `iteminfo` WHERE ( item=809 )  [ RunTime:0.000266s ]
SQL: SELECT * FROM `iteminfo` WHERE ( item=811 )  [ RunTime:0.000265s ]
SQL: SELECT * FROM `iteminfo` WHERE ( item=812 )  [ RunTime:0.000265s ]
SQL: SELECT * FROM `iteminfo` WHERE ( item=812 )  [ RunTime:0.000264s ]
SQL: SELECT * FROM `iteminfo` WHERE ( item=812 )  [ RunTime:0.000268s ]
SQL: SELECT * FROM `iteminfo` WHERE ( item=812 )  [ RunTime:0.000267s ]
SQL: SELECT * FROM `iteminfo` WHERE ( item=818 )  [ RunTime:0.000265s ]
SQL: SELECT * FROM `iteminfo` WHERE ( item=818 )  [ RunTime:0.000269s ]
SQL: SELECT * FROM `iteminfo` WHERE ( item=818 )  [ RunTime:0.000398s ]
SQL: SELECT * FROM `iteminfo` WHERE ( item=818 )  [ RunTime:0.000271s ]
SQL: SELECT * FROM `iteminfo` WHERE ( item=818 )  [ RunTime:0.000263s ]
SQL: SELECT * FROM `iteminfo` WHERE ( item=818 )  [ RunTime:0.000266s ]
SQL: SELECT * FROM `iteminfo` WHERE ( item=818 )  [ RunTime:0.000262s ]
SQL: SELECT * FROM `iteminfo` WHERE ( item=818 )  [ RunTime:0.000263s ]
SQL: SELECT * FROM `iteminfo` WHERE ( item=818 )  [ RunTime:0.000265s ]
SQL: SELECT * FROM `iteminfo` WHERE ( item=858 )  [ RunTime:0.000267s ]
SQL: SELECT * FROM `iteminfo` WHERE ( item=866 )  [ RunTime:0.000282s ]
SQL: SELECT * FROM `iteminfo` WHERE ( item=867 )  [ RunTime:0.000267s ]
SQL: SELECT * FROM `iteminfo` WHERE ( item=869 )  [ RunTime:0.000263s ]
SQL: SELECT * FROM `iteminfo` WHERE ( item=870 )  [ RunTime:0.000263s ]
SQL: SELECT * FROM `iteminfo` WHERE ( item=870 )  [ RunTime:0.000311s ]
SQL: SELECT * FROM `iteminfo` WHERE ( item=873 )  [ RunTime:0.000264s ]
SQL: SELECT * FROM `iteminfo` WHERE ( item=940 )  [ RunTime:0.000261s ]
SQL: SELECT * FROM `iteminfo` WHERE ( item=940 )  [ RunTime:0.000266s ]
SQL: SELECT * FROM `iteminfo` WHERE ( item=940 )  [ RunTime:0.000265s ]
SQL: SELECT * FROM `iteminfo` WHERE ( item=943 )  [ RunTime:0.000266s ]
SQL: SELECT * FROM `iteminfo` WHERE ( item=943 )  [ RunTime:0.000265s ]
SQL: SELECT * FROM `iteminfo` WHERE ( item=944 )  [ RunTime:0.000265s ]
SQL: SELECT * FROM `iteminfo` WHERE ( item=1015 )  [ RunTime:0.000267s ]
SQL: SELECT * FROM `iteminfo` WHERE ( item=1168 )  [ RunTime:0.000265s ]
SQL: SELECT * FROM `iteminfo` WHERE ( item=1168 )  [ RunTime:0.000265s ]
SQL: SELECT * FROM `iteminfo` WHERE ( item=1168 )  [ RunTime:0.000264s ]
SQL: SELECT * FROM `iteminfo` WHERE ( item=1168 )  [ RunTime:0.000263s ]
SQL: SELECT * FROM `iteminfo` WHERE ( item=1169 )  [ RunTime:0.000266s ]
SQL: SELECT * FROM `iteminfo` WHERE ( item=1169 )  [ RunTime:0.000271s ]
SQL: SELECT * FROM `iteminfo` WHERE ( item=1169 )  [ RunTime:0.000478s ]
SQL: SELECT * FROM `iteminfo` WHERE ( item=1203 )  [ RunTime:0.000271s ]
SQL: SELECT * FROM `iteminfo` WHERE ( item=1203 )  [ RunTime:0.000266s ]
SQL: SELECT * FROM `iteminfo` WHERE ( item=1206 )  [ RunTime:0.000266s ]
SQL: SELECT * FROM `iteminfo` WHERE ( item=1206 )  [ RunTime:0.000264s ]
SQL: SELECT * FROM `iteminfo` WHERE ( item=1206 )  [ RunTime:0.000264s ]
SQL: SELECT * FROM `iteminfo` WHERE ( item=1206 )  [ RunTime:0.000263s ]
SQL: SELECT * FROM `iteminfo` WHERE ( item=1206 )  [ RunTime:0.000264s ]
SQL: SELECT * FROM `iteminfo` WHERE ( item=1206 )  [ RunTime:0.000263s ]
SQL: SELECT * FROM `iteminfo` WHERE ( item=1206 )  [ RunTime:0.000268s ]
SQL: SELECT * FROM `iteminfo` WHERE ( item=1206 )  [ RunTime:0.000346s ]
SQL: SELECT * FROM `iteminfo` WHERE ( item=1206 )  [ RunTime:0.000275s ]
SQL: SELECT * FROM `iteminfo` WHERE ( item=1206 )  [ RunTime:0.000267s ]
SQL: SELECT * FROM `iteminfo` WHERE ( item=1206 )  [ RunTime:0.000265s ]
SQL: SELECT * FROM `iteminfo` WHERE ( item=1206 )  [ RunTime:0.000265s ]
SQL: SELECT * FROM `iteminfo` WHERE ( item=1206 )  [ RunTime:0.000264s ]
SQL: SELECT * FROM `iteminfo` WHERE ( item=1206 )  [ RunTime:0.000263s ]
SQL: SELECT * FROM `iteminfo` WHERE ( item=1206 )  [ RunTime:0.000263s ]
SQL: SELECT * FROM `iteminfo` WHERE ( item=1206 )  [ RunTime:0.000266s ]
SQL: SELECT * FROM `iteminfo` WHERE ( item=1206 )  [ RunTime:0.000283s ]
SQL: SELECT * FROM `iteminfo` WHERE ( item=1206 )  [ RunTime:0.000265s ]
SQL: SELECT * FROM `iteminfo` WHERE ( item=1206 )  [ RunTime:0.000264s ]
SQL: SELECT * FROM `iteminfo` WHERE ( item=1206 )  [ RunTime:0.000265s ]
SQL: SELECT * FROM `iteminfo` WHERE ( item=1206 )  [ RunTime:0.000264s ]
SQL: SELECT * FROM `iteminfo` WHERE ( item=1206 )  [ RunTime:0.000263s ]
SQL: SELECT * FROM `iteminfo` WHERE ( item=1210 )  [ RunTime:0.000292s ]
SQL: SELECT * FROM `iteminfo` WHERE ( item=1210 )  [ RunTime:0.000265s ]
SQL: SELECT * FROM `iteminfo` WHERE ( item=1210 )  [ RunTime:0.000310s ]
SQL: SELECT * FROM `iteminfo` WHERE ( item=1210 )  [ RunTime:0.000268s ]
SQL: SELECT * FROM `iteminfo` WHERE ( item=1210 )  [ RunTime:0.000469s ]
SQL: SELECT * FROM `iteminfo` WHERE ( item=1210 )  [ RunTime:0.000266s ]
SQL: SELECT * FROM `iteminfo` WHERE ( item=1210 )  [ RunTime:0.000270s ]
SQL: SELECT * FROM `iteminfo` WHERE ( item=1210 )  [ RunTime:0.000265s ]
SQL: SELECT * FROM `iteminfo` WHERE ( item=1210 )  [ RunTime:0.000266s ]
SQL: SELECT * FROM `iteminfo` WHERE ( item=1210 )  [ RunTime:0.000068s ]
SQL: SELECT * FROM `iteminfo` WHERE ( item=1210 )  [ RunTime:0.000266s ]
SQL: SELECT * FROM `iteminfo` WHERE ( item=1210 )  [ RunTime:0.000265s ]
SQL: SELECT * FROM `iteminfo` WHERE ( item=1210 )  [ RunTime:0.000265s ]
SQL: SELECT * FROM `iteminfo` WHERE ( item=1210 )  [ RunTime:0.000281s ]
SQL: SELECT * FROM `iteminfo` WHERE ( item=1210 )  [ RunTime:0.000267s ]
SQL: SELECT * FROM `iteminfo` WHERE ( item=1210 )  [ RunTime:0.000265s ]
SQL: SELECT * FROM `iteminfo` WHERE ( item=1210 )  [ RunTime:0.000268s ]
SQL: SELECT * FROM `iteminfo` WHERE ( item=1210 )  [ RunTime:0.000263s ]
SQL: SELECT * FROM `iteminfo` WHERE ( item=1210 )  [ RunTime:0.000266s ]
SQL: SELECT * FROM `iteminfo` WHERE ( item=1210 )  [ RunTime:0.000466s ]
SQL: SELECT * FROM `iteminfo` WHERE ( item=1210 )  [ RunTime:0.000067s ]
SQL: SELECT * FROM `iteminfo` WHERE ( item=1210 )  [ RunTime:0.000264s ]
SQL: SELECT * FROM `iteminfo` WHERE ( item=1210 )  [ RunTime:0.000476s ]
SQL: SELECT * FROM `iteminfo` WHERE ( item=1210 )  [ RunTime:0.000273s ]
SQL: SELECT * FROM `iteminfo` WHERE ( item=1210 )  [ RunTime:0.000266s ]
SQL: SELECT * FROM `iteminfo` WHERE ( item=1210 )  [ RunTime:0.000264s ]
SQL: SELECT * FROM `iteminfo` WHERE ( item=1210 )  [ RunTime:0.000287s ]
SQL: SELECT * FROM `iteminfo` WHERE ( item=1210 )  [ RunTime:0.000267s ]
SQL: SELECT * FROM `iteminfo` WHERE ( item=1263 )  [ RunTime:0.000266s ]
SQL: SELECT * FROM `iteminfo` WHERE ( item=1263 )  [ RunTime:0.000268s ]
SQL: SELECT * FROM `iteminfo` WHERE ( item=1263 )  [ RunTime:0.000274s ]
SQL: SELECT * FROM `iteminfo` WHERE ( item=1263 )  [ RunTime:0.000265s ]
SQL: SELECT * FROM `iteminfo` WHERE ( item=1443 )  [ RunTime:0.000322s ]
SQL: SELECT * FROM `iteminfo` WHERE ( item=1443 )  [ RunTime:0.000266s ]
SQL: SELECT * FROM `iteminfo` WHERE ( item=1443 )  [ RunTime:0.000264s ]
SQL: SELECT * FROM `iteminfo` WHERE ( item=1447 )  [ RunTime:0.000267s ]
SQL: SELECT * FROM `iteminfo` WHERE ( item=1529 )  [ RunTime:0.000268s ]
SQL: SELECT * FROM `iteminfo` WHERE ( item=1529 )  [ RunTime:0.000279s ]
SQL: SELECT * FROM `iteminfo` WHERE ( item=1529 )  [ RunTime:0.000270s ]
SQL: SELECT * FROM `iteminfo` WHERE ( item=1529 )  [ RunTime:0.000269s ]
SQL: SELECT * FROM `iteminfo` WHERE ( item=1529 )  [ RunTime:0.000267s ]
SQL: SELECT * FROM `iteminfo` WHERE ( item=1529 )  [ RunTime:0.000266s ]
SQL: SELECT * FROM `iteminfo` WHERE ( item=1529 )  [ RunTime:0.000266s ]
SQL: SELECT * FROM `iteminfo` WHERE ( item=1529 )  [ RunTime:0.000265s ]
SQL: SELECT * FROM `iteminfo` WHERE ( item=1529 )  [ RunTime:0.000267s ]
SQL: SELECT * FROM `iteminfo` WHERE ( item=1529 )  [ RunTime:0.000267s ]
SQL: SELECT * FROM `iteminfo` WHERE ( item=1529 )  [ RunTime:0.000265s ]
SQL: SELECT * FROM `iteminfo` WHERE ( item=1529 )  [ RunTime:0.000277s ]
SQL: SELECT * FROM `iteminfo` WHERE ( item=1529 )  [ RunTime:0.000268s ]
SQL: SELECT * FROM `iteminfo` WHERE ( item=1529 )  [ RunTime:0.000267s ]
SQL: SELECT * FROM `iteminfo` WHERE ( item=1529 )  [ RunTime:0.000268s ]
SQL: SELECT * FROM `iteminfo` WHERE ( item=1529 )  [ RunTime:0.000267s ]
SQL: SELECT * FROM `iteminfo` WHERE ( item=1529 )  [ RunTime:0.000269s ]
SQL: SELECT * FROM `iteminfo` WHERE ( item=1529 )  [ RunTime:0.000266s ]
SQL: SELECT * FROM `iteminfo` WHERE ( item=1529 )  [ RunTime:0.000270s ]
SQL: SELECT * FROM `iteminfo` WHERE ( item=1529 )  [ RunTime:0.000267s ]
SQL: SELECT * FROM `iteminfo` WHERE ( item=1613 )  [ RunTime:0.000268s ]
SQL: SELECT * FROM `iteminfo` WHERE ( item=1640 )  [ RunTime:0.000269s ]
SQL: SELECT * FROM `iteminfo` WHERE ( item=1705 )  [ RunTime:0.000269s ]
SQL: SELECT * FROM `iteminfo` WHERE ( item=1705 )  [ RunTime:0.000272s ]
SQL: SELECT * FROM `iteminfo` WHERE ( item=1705 )  [ RunTime:0.000372s ]
SQL: SELECT * FROM `iteminfo` WHERE ( item=1705 )  [ RunTime:0.000292s ]
SQL: SELECT * FROM `iteminfo` WHERE ( item=1705 )  [ RunTime:0.000269s ]
SQL: SELECT * FROM `iteminfo` WHERE ( item=1705 )  [ RunTime:0.000269s ]
SQL: SELECT * FROM `iteminfo` WHERE ( item=1705 )  [ RunTime:0.000266s ]
SQL: SELECT * FROM `iteminfo` WHERE ( item=1705 )  [ RunTime:0.000267s ]
SQL: SELECT * FROM `iteminfo` WHERE ( item=1705 )  [ RunTime:0.000266s ]
SQL: SELECT * FROM `iteminfo` WHERE ( item=1705 )  [ RunTime:0.000266s ]
SQL: SELECT * FROM `iteminfo` WHERE ( item=1705 )  [ RunTime:0.000266s ]
SQL: SELECT * FROM `iteminfo` WHERE ( item=1705 )  [ RunTime:0.000267s ]
SQL: SELECT * FROM `iteminfo` WHERE ( item=1705 )  [ RunTime:0.000268s ]
SQL: SELECT * FROM `iteminfo` WHERE ( item=1705 )  [ RunTime:0.000267s ]
SQL: SELECT * FROM `iteminfo` WHERE ( item=1705 )  [ RunTime:0.000266s ]
SQL: SELECT * FROM `iteminfo` WHERE ( item=1705 )  [ RunTime:0.000267s ]
SQL: SELECT * FROM `iteminfo` WHERE ( item=1705 )  [ RunTime:0.000266s ]
SQL: SELECT * FROM `iteminfo` WHERE ( item=1705 )  [ RunTime:0.000265s ]
SQL: SELECT * FROM `iteminfo` WHERE ( item=1705 )  [ RunTime:0.000266s ]
SQL: SELECT * FROM `iteminfo` WHERE ( item=1705 )  [ RunTime:0.000266s ]
SQL: SELECT * FROM `iteminfo` WHERE ( item=1705 )  [ RunTime:0.000267s ]
SQL: SELECT * FROM `iteminfo` WHERE ( item=1705 )  [ RunTime:0.000265s ]
SQL: SELECT * FROM `iteminfo` WHERE ( item=1705 )  [ RunTime:0.000267s ]
SQL: SELECT * FROM `iteminfo` WHERE ( item=1705 )  [ RunTime:0.000268s ]
SQL: SELECT * FROM `iteminfo` WHERE ( item=1716 )  [ RunTime:0.000268s ]
SQL: SELECT * FROM `iteminfo` WHERE ( item=1725 )  [ RunTime:0.000271s ]
SQL: SELECT * FROM `iteminfo` WHERE ( item=1761 )  [ RunTime:0.000267s ]
SQL: SELECT * FROM `iteminfo` WHERE ( item=1973 )  [ RunTime:0.000267s ]
SQL: SELECT * FROM `iteminfo` WHERE ( item=1973 )  [ RunTime:0.000266s ]
SQL: SELECT * FROM `iteminfo` WHERE ( item=1973 )  [ RunTime:0.000267s ]
SQL: SELECT * FROM `iteminfo` WHERE ( item=1973 )  [ RunTime:0.000299s ]
SQL: SELECT * FROM `iteminfo` WHERE ( item=1973 )  [ RunTime:0.000267s ]
SQL: SELECT * FROM `iteminfo` WHERE ( item=1973 )  [ RunTime:0.000285s ]
SQL: SELECT * FROM `iteminfo` WHERE ( item=1973 )  [ RunTime:0.000265s ]
SQL: SELECT * FROM `iteminfo` WHERE ( item=1973 )  [ RunTime:0.000265s ]
SQL: SELECT * FROM `iteminfo` WHERE ( item=1973 )  [ RunTime:0.000264s ]
SQL: SELECT * FROM `iteminfo` WHERE ( item=1973 )  [ RunTime:0.000267s ]
SQL: SELECT * FROM `iteminfo` WHERE ( item=1973 )  [ RunTime:0.000265s ]
SQL: SELECT * FROM `iteminfo` WHERE ( item=1978 )  [ RunTime:0.000266s ]
SQL: SELECT * FROM `iteminfo` WHERE ( item=1979 )  [ RunTime:0.000266s ]
SQL: SELECT * FROM `iteminfo` WHERE ( item=1982 )  [ RunTime:0.000363s ]
SQL: SELECT * FROM `iteminfo` WHERE ( item=2034 )  [ RunTime:0.000064s ]
SQL: SELECT * FROM `iteminfo` WHERE ( item=2077 )  [ RunTime:0.000286s ]
SQL: SELECT * FROM `iteminfo` WHERE ( item=2099 )  [ RunTime:0.000270s ]
SQL: SELECT * FROM `iteminfo` WHERE ( item=2099 )  [ RunTime:0.000265s ]
SQL: SELECT * FROM `iteminfo` WHERE ( item=2099 )  [ RunTime:0.000271s ]
SQL: SELECT * FROM `iteminfo` WHERE ( item=2163 )  [ RunTime:0.000264s ]
SQL: SELECT * FROM `iteminfo` WHERE ( item=2163 )  [ RunTime:0.000265s ]
SQL: SELECT * FROM `iteminfo` WHERE ( item=2243 )  [ RunTime:0.000265s ]
SQL: SELECT * FROM `iteminfo` WHERE ( item=2316 )  [ RunTime:0.000266s ]
SQL: SELECT * FROM `iteminfo` WHERE ( item=2318 )  [ RunTime:0.000267s ]
SQL: SELECT * FROM `iteminfo` WHERE ( item=2318 )  [ RunTime:0.000266s ]
SQL: SELECT * FROM `iteminfo` WHERE ( item=2318 )  [ RunTime:0.000355s ]
SQL: SELECT * FROM `iteminfo` WHERE ( item=2318 )  [ RunTime:0.000270s ]
SQL: SELECT * FROM `iteminfo` WHERE ( item=2318 )  [ RunTime:0.000267s ]
SQL: SELECT * FROM `iteminfo` WHERE ( item=2318 )  [ RunTime:0.000266s ]
SQL: SELECT * FROM `iteminfo` WHERE ( item=2318 )  [ RunTime:0.000265s ]
SQL: SELECT * FROM `iteminfo` WHERE ( item=2318 )  [ RunTime:0.000266s ]
SQL: SELECT * FROM `iteminfo` WHERE ( item=2318 )  [ RunTime:0.000267s ]
SQL: SELECT * FROM `iteminfo` WHERE ( item=2319 )  [ RunTime:0.000269s ]
SQL: SELECT * FROM `iteminfo` WHERE ( item=2319 )  [ RunTime:0.000269s ]
SQL: SELECT * FROM `iteminfo` WHERE ( item=2319 )  [ RunTime:0.000270s ]
SQL: SELECT * FROM `iteminfo` WHERE ( item=2319 )  [ RunTime:0.000271s ]
SQL: SELECT * FROM `iteminfo` WHERE ( item=2319 )  [ RunTime:0.000301s ]
SQL: SELECT * FROM `iteminfo` WHERE ( item=2319 )  [ RunTime:0.000269s ]
SQL: SELECT * FROM `iteminfo` WHERE ( item=2319 )  [ RunTime:0.000270s ]
SQL: SELECT * FROM `iteminfo` WHERE ( item=2319 )  [ RunTime:0.000268s ]
SQL: SELECT * FROM `iteminfo` WHERE ( item=2319 )  [ RunTime:0.000268s ]
SQL: SELECT * FROM `iteminfo` WHERE ( item=2319 )  [ RunTime:0.000269s ]
SQL: SELECT * FROM `iteminfo` WHERE ( item=2319 )  [ RunTime:0.000283s ]
SQL: SELECT * FROM `iteminfo` WHERE ( item=2319 )  [ RunTime:0.000268s ]
SQL: SELECT * FROM `iteminfo` WHERE ( item=2319 )  [ RunTime:0.000286s ]
SQL: SELECT * FROM `iteminfo` WHERE ( item=2319 )  [ RunTime:0.000270s ]
SQL: SELECT * FROM `iteminfo` WHERE ( item=2319 )  [ RunTime:0.000268s ]
SQL: SELECT * FROM `iteminfo` WHERE ( item=2319 )  [ RunTime:0.000269s ]
SQL: SELECT * FROM `iteminfo` WHERE ( item=2319 )  [ RunTime:0.000268s ]
SQL: SELECT * FROM `iteminfo` WHERE ( item=2319 )  [ RunTime:0.000267s ]
SQL: SELECT * FROM `iteminfo` WHERE ( item=2319 )  [ RunTime:0.000267s ]
SQL: SELECT * FROM `iteminfo` WHERE ( item=2319 )  [ RunTime:0.000400s ]
SQL: SELECT * FROM `iteminfo` WHERE ( item=2319 )  [ RunTime:0.000366s ]
SQL: SELECT * FROM `iteminfo` WHERE ( item=2319 )  [ RunTime:0.000386s ]
SQL: SELECT * FROM `iteminfo` WHERE ( item=2319 )  [ RunTime:0.000398s ]
SQL: SELECT * FROM `iteminfo` WHERE ( item=2319 )  [ RunTime:0.000273s ]
SQL: SELECT * FROM `iteminfo` WHERE ( item=2319 )  [ RunTime:0.000270s ]
SQL: SELECT * FROM `iteminfo` WHERE ( item=2319 )  [ RunTime:0.000269s ]
SQL: SELECT * FROM `iteminfo` WHERE ( item=2319 )  [ RunTime:0.000268s ]
SQL: SELECT * FROM `iteminfo` WHERE ( item=2319 )  [ RunTime:0.000269s ]
SQL: SELECT * FROM `iteminfo` WHERE ( item=2320 )  [ RunTime:0.000268s ]
SQL: SELECT * FROM `iteminfo` WHERE ( item=2320 )  [ RunTime:0.000267s ]
SQL: SELECT * FROM `iteminfo` WHERE ( item=2320 )  [ RunTime:0.000306s ]
SQL: SELECT * FROM `iteminfo` WHERE ( item=2321 )  [ RunTime:0.000236s ]
SQL: SELECT * FROM `iteminfo` WHERE ( item=2321 )  [ RunTime:0.000137s ]
SQL: SELECT * FROM `iteminfo` WHERE ( item=2321 )  [ RunTime:0.000272s ]
SQL: SELECT * FROM `iteminfo` WHERE ( item=2321 )  [ RunTime:0.000266s ]
SQL: SELECT * FROM `iteminfo` WHERE ( item=2324 )  [ RunTime:0.000263s ]
SQL: SELECT * FROM `iteminfo` WHERE ( item=2324 )  [ RunTime:0.000295s ]
SQL: SELECT * FROM `iteminfo` WHERE ( item=2324 )  [ RunTime:0.000265s ]
SQL: SELECT * FROM `iteminfo` WHERE ( item=2324 )  [ RunTime:0.000271s ]
SQL: SELECT * FROM `iteminfo` WHERE ( item=2325 )  [ RunTime:0.000265s ]
SQL: SELECT * FROM `iteminfo` WHERE ( item=2325 )  [ RunTime:0.000283s ]
SQL: SELECT * FROM `iteminfo` WHERE ( item=2325 )  [ RunTime:0.000268s ]
SQL: SELECT * FROM `iteminfo` WHERE ( item=2406 )  [ RunTime:0.000266s ]
SQL: SELECT * FROM `iteminfo` WHERE ( item=2406 )  [ RunTime:0.000265s ]
SQL: SELECT * FROM `iteminfo` WHERE ( item=2406 )  [ RunTime:0.000270s ]
SQL: SELECT * FROM `iteminfo` WHERE ( item=2407 )  [ RunTime:0.000268s ]
SQL: SELECT * FROM `iteminfo` WHERE ( item=2407 )  [ RunTime:0.000268s ]
SQL: SELECT * FROM `iteminfo` WHERE ( item=2407 )  [ RunTime:0.000270s ]
SQL: SELECT * FROM `iteminfo` WHERE ( item=2408 )  [ RunTime:0.000268s ]
SQL: SELECT * FROM `iteminfo` WHERE ( item=2447 )  [ RunTime:0.000265s ]
SQL: SELECT * FROM `iteminfo` WHERE ( item=2447 )  [ RunTime:0.000293s ]
SQL: SELECT * FROM `iteminfo` WHERE ( item=2447 )  [ RunTime:0.000265s ]
SQL: SELECT * FROM `iteminfo` WHERE ( item=2447 )  [ RunTime:0.000266s ]
SQL: SELECT * FROM `iteminfo` WHERE ( item=2447 )  [ RunTime:0.000266s ]
SQL: SELECT * FROM `iteminfo` WHERE ( item=2447 )  [ RunTime:0.000266s ]
SQL: SELECT * FROM `iteminfo` WHERE ( item=2447 )  [ RunTime:0.000265s ]
SQL: SELECT * FROM `iteminfo` WHERE ( item=2447 )  [ RunTime:0.000472s ]
SQL: SELECT * FROM `iteminfo` WHERE ( item=2447 )  [ RunTime:0.000269s ]
SQL: SELECT * FROM `iteminfo` WHERE ( item=2447 )  [ RunTime:0.000263s ]
SQL: SELECT * FROM `iteminfo` WHERE ( item=2449 )  [ RunTime:0.000315s ]
SQL: SELECT * FROM `iteminfo` WHERE ( item=2449 )  [ RunTime:0.000270s ]
SQL: SELECT * FROM `iteminfo` WHERE ( item=2449 )  [ RunTime:0.000273s ]
SQL: SELECT * FROM `iteminfo` WHERE ( item=2449 )  [ RunTime:0.000268s ]
SQL: SELECT * FROM `iteminfo` WHERE ( item=2449 )  [ RunTime:0.000269s ]
SQL: SELECT * FROM `iteminfo` WHERE ( item=2449 )  [ RunTime:0.000270s ]
SQL: SELECT * FROM `iteminfo` WHERE ( item=2449 )  [ RunTime:0.000269s ]
SQL: SELECT * FROM `iteminfo` WHERE ( item=2449 )  [ RunTime:0.000270s ]
SQL: SELECT * FROM `iteminfo` WHERE ( item=2449 )  [ RunTime:0.000269s ]
SQL: SELECT * FROM `iteminfo` WHERE ( item=2449 )  [ RunTime:0.000269s ]
SQL: SELECT * FROM `iteminfo` WHERE ( item=2449 )  [ RunTime:0.000269s ]
SQL: SELECT * FROM `iteminfo` WHERE ( item=2449 )  [ RunTime:0.000267s ]
SQL: SELECT * FROM `iteminfo` WHERE ( item=2449 )  [ RunTime:0.000269s ]
SQL: SELECT * FROM `iteminfo` WHERE ( item=2449 )  [ RunTime:0.000268s ]
SQL: SELECT * FROM `iteminfo` WHERE ( item=2449 )  [ RunTime:0.000268s ]
SQL: SELECT * FROM `iteminfo` WHERE ( item=2449 )  [ RunTime:0.000271s ]
SQL: SELECT * FROM `iteminfo` WHERE ( item=2449 )  [ RunTime:0.000268s ]
SQL: SELECT * FROM `iteminfo` WHERE ( item=2449 )  [ RunTime:0.000270s ]
SQL: SELECT * FROM `iteminfo` WHERE ( item=2450 )  [ RunTime:0.000270s ]
SQL: SELECT * FROM `iteminfo` WHERE ( item=2450 )  [ RunTime:0.000285s ]
SQL: SELECT * FROM `iteminfo` WHERE ( item=2450 )  [ RunTime:0.000268s ]
SQL: SELECT * FROM `iteminfo` WHERE ( item=2450 )  [ RunTime:0.000267s ]
SQL: SELECT * FROM `iteminfo` WHERE ( item=2450 )  [ RunTime:0.000277s ]
SQL: SELECT * FROM `iteminfo` WHERE ( item=2450 )  [ RunTime:0.000267s ]
SQL: SELECT * FROM `iteminfo` WHERE ( item=2450 )  [ RunTime:0.000267s ]
SQL: SELECT * FROM `iteminfo` WHERE ( item=2450 )  [ RunTime:0.000266s ]
SQL: SELECT * FROM `iteminfo` WHERE ( item=2450 )  [ RunTime:0.000267s ]
SQL: SELECT * FROM `iteminfo` WHERE ( item=2450 )  [ RunTime:0.000270s ]
SQL: SELECT * FROM `iteminfo` WHERE ( item=2450 )  [ RunTime:0.000267s ]
SQL: SELECT * FROM `iteminfo` WHERE ( item=2450 )  [ RunTime:0.000284s ]
SQL: SELECT * FROM `iteminfo` WHERE ( item=2450 )  [ RunTime:0.000271s ]
SQL: SELECT * FROM `iteminfo` WHERE ( item=2450 )  [ RunTime:0.000266s ]
SQL: SELECT * FROM `iteminfo` WHERE ( item=2450 )  [ RunTime:0.000270s ]
SQL: SELECT * FROM `iteminfo` WHERE ( item=2450 )  [ RunTime:0.000269s ]
SQL: SELECT * FROM `iteminfo` WHERE ( item=2450 )  [ RunTime:0.000423s ]
SQL: SELECT * FROM `iteminfo` WHERE ( item=2450 )  [ RunTime:0.000063s ]
SQL: SELECT * FROM `iteminfo` WHERE ( item=2452 )  [ RunTime:0.000270s ]
SQL: SELECT * FROM `iteminfo` WHERE ( item=2452 )  [ RunTime:0.000266s ]
SQL: SELECT * FROM `iteminfo` WHERE ( item=2452 )  [ RunTime:0.000267s ]
SQL: SELECT * FROM `iteminfo` WHERE ( item=2452 )  [ RunTime:0.000266s ]
SQL: SELECT * FROM `iteminfo` WHERE ( item=2452 )  [ RunTime:0.000266s ]
SQL: SELECT * FROM `iteminfo` WHERE ( item=2452 )  [ RunTime:0.000292s ]
SQL: SELECT * FROM `iteminfo` WHERE ( item=2452 )  [ RunTime:0.000266s ]
SQL: SELECT * FROM `iteminfo` WHERE ( item=2452 )  [ RunTime:0.000267s ]
SQL: SELECT * FROM `iteminfo` WHERE ( item=2452 )  [ RunTime:0.000265s ]
SQL: SELECT * FROM `iteminfo` WHERE ( item=2452 )  [ RunTime:0.000265s ]
SQL: SELECT * FROM `iteminfo` WHERE ( item=2452 )  [ RunTime:0.000274s ]
SQL: SELECT * FROM `iteminfo` WHERE ( item=2452 )  [ RunTime:0.000548s ]
SQL: SELECT * FROM `iteminfo` WHERE ( item=2452 )  [ RunTime:0.000515s ]
SQL: SELECT * FROM `iteminfo` WHERE ( item=2452 )  [ RunTime:0.000281s ]
SQL: SELECT * FROM `iteminfo` WHERE ( item=2452 )  [ RunTime:0.000278s ]
SQL: SELECT * FROM `iteminfo` WHERE ( item=2452 )  [ RunTime:0.000274s ]
SQL: SELECT * FROM `iteminfo` WHERE ( item=2452 )  [ RunTime:0.000271s ]
SQL: SELECT * FROM `iteminfo` WHERE ( item=2452 )  [ RunTime:0.000268s ]
SQL: SELECT * FROM `iteminfo` WHERE ( item=2452 )  [ RunTime:0.000269s ]
SQL: SELECT * FROM `iteminfo` WHERE ( item=2452 )  [ RunTime:0.000268s ]
SQL: SELECT * FROM `iteminfo` WHERE ( item=2452 )  [ RunTime:0.000269s ]
SQL: SELECT * FROM `iteminfo` WHERE ( item=2453 )  [ RunTime:0.000268s ]
SQL: SELECT * FROM `iteminfo` WHERE ( item=2453 )  [ RunTime:0.000274s ]
SQL: SELECT * FROM `iteminfo` WHERE ( item=2453 )  [ RunTime:0.000268s ]
SQL: SELECT * FROM `iteminfo` WHERE ( item=2453 )  [ RunTime:0.000266s ]
SQL: SELECT * FROM `iteminfo` WHERE ( item=2453 )  [ RunTime:0.000265s ]
SQL: SELECT * FROM `iteminfo` WHERE ( item=2453 )  [ RunTime:0.000270s ]
SQL: SELECT * FROM `iteminfo` WHERE ( item=2453 )  [ RunTime:0.000267s ]
SQL: SELECT * FROM `iteminfo` WHERE ( item=2553 )  [ RunTime:0.000273s ]
SQL: SELECT * FROM `iteminfo` WHERE ( item=2565 )  [ RunTime:0.000272s ]
SQL: SELECT * FROM `iteminfo` WHERE ( item=2572 )  [ RunTime:0.000269s ]
SQL: SELECT * FROM `iteminfo` WHERE ( item=2575 )  [ RunTime:0.000269s ]
SQL: SELECT * FROM `iteminfo` WHERE ( item=2575 )  [ RunTime:0.000269s ]
SQL: SELECT * FROM `iteminfo` WHERE ( item=2575 )  [ RunTime:0.000277s ]
SQL: SELECT * FROM `iteminfo` WHERE ( item=2575 )  [ RunTime:0.000479s ]
SQL: SELECT * FROM `iteminfo` WHERE ( item=2575 )  [ RunTime:0.000273s ]
SQL: SELECT * FROM `iteminfo` WHERE ( item=2575 )  [ RunTime:0.000269s ]
SQL: SELECT * FROM `iteminfo` WHERE ( item=2575 )  [ RunTime:0.000268s ]
SQL: SELECT * FROM `iteminfo` WHERE ( item=2576 )  [ RunTime:0.000270s ]
SQL: SELECT * FROM `iteminfo` WHERE ( item=2576 )  [ RunTime:0.000270s ]
SQL: SELECT * FROM `iteminfo` WHERE ( item=2576 )  [ RunTime:0.000267s ]
SQL: SELECT * FROM `iteminfo` WHERE ( item=2577 )  [ RunTime:0.000271s ]
SQL: SELECT * FROM `iteminfo` WHERE ( item=2577 )  [ RunTime:0.000270s ]
SQL: SELECT * FROM `iteminfo` WHERE ( item=2577 )  [ RunTime:0.000268s ]
NOTIC: [2] Missing argument 1 for Think\Controller::show(), called in /var/www/wow/Application/Home/Controller/IndexController.class.php on line 73 and defined /var/www/wow/ThinkPHP/Library/Think/Controller.class.php 第 68 行.
NOTIC: [8] Undefined variable: content /var/www/wow/ThinkPHP/Library/Think/Controller.class.php 第 69 行.
INFO: [ view_parse ] --START--
NOTIC: [8] Undefined offset: 1 /var/www/wow/ThinkPHP/Library/Think/Template/TagLib/Cx.class.php 第 494 行.
NOTIC: [8] Undefined offset: 1 /var/www/wow/ThinkPHP/Library/Think/Template/TagLib/Cx.class.php 第 494 行.
NOTIC: [8] Undefined offset: 1 /var/www/wow/ThinkPHP/Library/Think/Template/TagLib/Cx.class.php 第 494 行.
NOTIC: [8] Undefined offset: 1 /var/www/wow/ThinkPHP/Library/Think/Template/TagLib/Cx.class.php 第 494 行.
INFO: [ template_filter ] --START--
INFO: Run Behavior\ContentReplaceBehavior [ RunTime:0.000050s ]
INFO: [ template_filter ] --END-- [ RunTime:0.000117s ]
INFO: Run Behavior\ParseTemplateBehavior [ RunTime:0.015986s ]
INFO: [ view_parse ] --END-- [ RunTime:0.016054s ]
INFO: [ view_filter ] --START--
INFO: Run Behavior\WriteHtmlCacheBehavior [ RunTime:0.000129s ]
INFO: [ view_filter ] --END-- [ RunTime:0.000183s ]
INFO: [ app_end ] --START--
INFO: Run Behavior\ShowPageTraceBehavior [ RunTime:0.000460s ]
INFO: [ app_end ] --END-- [ RunTime:0.000539s ]

