[ 2014-07-05T15:39:50+08:00 ] 180.153.212.45 /
INFO: [ app_init ] --START--
INFO: Run Behavior\BuildLiteBehavior [ RunTime:0.000020s ]
INFO: [ app_init ] --END-- [ RunTime:0.001482s ]
INFO: [ app_begin ] --START--
INFO: Run Behavior\ReadHtmlCacheBehavior [ RunTime:0.001607s ]
INFO: [ app_begin ] --END-- [ RunTime:0.001661s ]
SQL: SHOW COLUMNS FROM `auction` [ RunTime:0.026446s ]
SQL: SHOW COLUMNS FROM `iteminfo` [ RunTime:0.000396s ]
SQL: SELECT MAX(time) AS tp_max FROM `auction` LIMIT 1   [ RunTime:0.000361s ]
SQL: SELECT * FROM `auction` WHERE ( `time` >= '1404260234' ) AND ( `group` = 1 ) ORDER BY item LIMIT 400   [ RunTime:0.000741s ]
SQL: SELECT * FROM `iteminfo` WHERE ( item=647 )  [ RunTime:0.002177s ]
SQL: SELECT * FROM `iteminfo` WHERE ( item=647 )  [ RunTime:0.000282s ]
SQL: SELECT * FROM `iteminfo` WHERE ( item=754 )  [ RunTime:0.000258s ]
SQL: SELECT * FROM `iteminfo` WHERE ( item=754 )  [ RunTime:0.000258s ]
SQL: SELECT * FROM `iteminfo` WHERE ( item=765 )  [ RunTime:0.000051s ]
SQL: SELECT * FROM `iteminfo` WHERE ( item=765 )  [ RunTime:0.000259s ]
SQL: SELECT * FROM `iteminfo` WHERE ( item=765 )  [ RunTime:0.000258s ]
SQL: SELECT * FROM `iteminfo` WHERE ( item=765 )  [ RunTime:0.000278s ]
SQL: SELECT * FROM `iteminfo` WHERE ( item=765 )  [ RunTime:0.000257s ]
SQL: SELECT * FROM `iteminfo` WHERE ( item=765 )  [ RunTime:0.000250s ]
SQL: SELECT * FROM `iteminfo` WHERE ( item=765 )  [ RunTime:0.000256s ]
SQL: SELECT * FROM `iteminfo` WHERE ( item=765 )  [ RunTime:0.000257s ]
SQL: SELECT * FROM `iteminfo` WHERE ( item=765 )  [ RunTime:0.000251s ]
SQL: SELECT * FROM `iteminfo` WHERE ( item=765 )  [ RunTime:0.000261s ]
SQL: SELECT * FROM `iteminfo` WHERE ( item=765 )  [ RunTime:0.000249s ]
SQL: SELECT * FROM `iteminfo` WHERE ( item=765 )  [ RunTime:0.000254s ]
SQL: SELECT * FROM `iteminfo` WHERE ( item=765 )  [ RunTime:0.000258s ]
SQL: SELECT * FROM `iteminfo` WHERE ( item=765 )  [ RunTime:0.000272s ]
SQL: SELECT * FROM `iteminfo` WHERE ( item=765 )  [ RunTime:0.000253s ]
SQL: SELECT * FROM `iteminfo` WHERE ( item=765 )  [ RunTime:0.000250s ]
SQL: SELECT * FROM `iteminfo` WHERE ( item=765 )  [ RunTime:0.000338s ]
SQL: SELECT * FROM `iteminfo` WHERE ( item=765 )  [ RunTime:0.000251s ]
SQL: SELECT * FROM `iteminfo` WHERE ( item=765 )  [ RunTime:0.000254s ]
SQL: SELECT * FROM `iteminfo` WHERE ( item=765 )  [ RunTime:0.000254s ]
SQL: SELECT * FROM `iteminfo` WHERE ( item=765 )  [ RunTime:0.000252s ]
SQL: SELECT * FROM `iteminfo` WHERE ( item=765 )  [ RunTime:0.000251s ]
SQL: SELECT * FROM `iteminfo` WHERE ( item=765 )  [ RunTime:0.000250s ]
SQL: SELECT * FROM `iteminfo` WHERE ( item=769 )  [ RunTime:0.000380s ]
SQL: SELECT * FROM `iteminfo` WHERE ( item=774 )  [ RunTime:0.000426s ]
SQL: SELECT * FROM `iteminfo` WHERE ( item=774 )  [ RunTime:0.000393s ]
SQL: SELECT * FROM `iteminfo` WHERE ( item=774 )  [ RunTime:0.000056s ]
SQL: SELECT * FROM `iteminfo` WHERE ( item=774 )  [ RunTime:0.000306s ]
SQL: SELECT * FROM `iteminfo` WHERE ( item=774 )  [ RunTime:0.000254s ]
SQL: SELECT * FROM `iteminfo` WHERE ( item=774 )  [ RunTime:0.000252s ]
SQL: SELECT * FROM `iteminfo` WHERE ( item=774 )  [ RunTime:0.000253s ]
SQL: SELECT * FROM `iteminfo` WHERE ( item=774 )  [ RunTime:0.000251s ]
SQL: SELECT * FROM `iteminfo` WHERE ( item=774 )  [ RunTime:0.000253s ]
SQL: SELECT * FROM `iteminfo` WHERE ( item=774 )  [ RunTime:0.000250s ]
SQL: SELECT * FROM `iteminfo` WHERE ( item=774 )  [ RunTime:0.000250s ]
SQL: SELECT * FROM `iteminfo` WHERE ( item=774 )  [ RunTime:0.000251s ]
SQL: SELECT * FROM `iteminfo` WHERE ( item=774 )  [ RunTime:0.000250s ]
SQL: SELECT * FROM `iteminfo` WHERE ( item=774 )  [ RunTime:0.000250s ]
SQL: SELECT * FROM `iteminfo` WHERE ( item=774 )  [ RunTime:0.000248s ]
SQL: SELECT * FROM `iteminfo` WHERE ( item=774 )  [ RunTime:0.000250s ]
SQL: SELECT * FROM `iteminfo` WHERE ( item=783 )  [ RunTime:0.000284s ]
SQL: SELECT * FROM `iteminfo` WHERE ( item=783 )  [ RunTime:0.000251s ]
SQL: SELECT * FROM `iteminfo` WHERE ( item=783 )  [ RunTime:0.000264s ]
SQL: SELECT * FROM `iteminfo` WHERE ( item=783 )  [ RunTime:0.000278s ]
SQL: SELECT * FROM `iteminfo` WHERE ( item=785 )  [ RunTime:0.000251s ]
SQL: SELECT * FROM `iteminfo` WHERE ( item=785 )  [ RunTime:0.000250s ]
SQL: SELECT * FROM `iteminfo` WHERE ( item=785 )  [ RunTime:0.000248s ]
SQL: SELECT * FROM `iteminfo` WHERE ( item=785 )  [ RunTime:0.000249s ]
SQL: SELECT * FROM `iteminfo` WHERE ( item=785 )  [ RunTime:0.000249s ]
SQL: SELECT * FROM `iteminfo` WHERE ( item=785 )  [ RunTime:0.000248s ]
SQL: SELECT * FROM `iteminfo` WHERE ( item=785 )  [ RunTime:0.000249s ]
SQL: SELECT * FROM `iteminfo` WHERE ( item=785 )  [ RunTime:0.000250s ]
SQL: SELECT * FROM `iteminfo` WHERE ( item=785 )  [ RunTime:0.000278s ]
SQL: SELECT * FROM `iteminfo` WHERE ( item=785 )  [ RunTime:0.000250s ]
SQL: SELECT * FROM `iteminfo` WHERE ( item=785 )  [ RunTime:0.000386s ]
SQL: SELECT * FROM `iteminfo` WHERE ( item=785 )  [ RunTime:0.000381s ]
SQL: SELECT * FROM `iteminfo` WHERE ( item=785 )  [ RunTime:0.000256s ]
SQL: SELECT * FROM `iteminfo` WHERE ( item=785 )  [ RunTime:0.000251s ]
SQL: SELECT * FROM `iteminfo` WHERE ( item=785 )  [ RunTime:0.000251s ]
SQL: SELECT * FROM `iteminfo` WHERE ( item=785 )  [ RunTime:0.000253s ]
SQL: SELECT * FROM `iteminfo` WHERE ( item=785 )  [ RunTime:0.000258s ]
SQL: SELECT * FROM `iteminfo` WHERE ( item=785 )  [ RunTime:0.000273s ]
SQL: SELECT * FROM `iteminfo` WHERE ( item=785 )  [ RunTime:0.000257s ]
SQL: SELECT * FROM `iteminfo` WHERE ( item=785 )  [ RunTime:0.000250s ]
SQL: SELECT * FROM `iteminfo` WHERE ( item=785 )  [ RunTime:0.000251s ]
SQL: SELECT * FROM `iteminfo` WHERE ( item=785 )  [ RunTime:0.000249s ]
SQL: SELECT * FROM `iteminfo` WHERE ( item=785 )  [ RunTime:0.000249s ]
SQL: SELECT * FROM `iteminfo` WHERE ( item=785 )  [ RunTime:0.000248s ]
SQL: SELECT * FROM `iteminfo` WHERE ( item=785 )  [ RunTime:0.000250s ]
SQL: SELECT * FROM `iteminfo` WHERE ( item=785 )  [ RunTime:0.000249s ]
SQL: SELECT * FROM `iteminfo` WHERE ( item=785 )  [ RunTime:0.000250s ]
SQL: SELECT * FROM `iteminfo` WHERE ( item=785 )  [ RunTime:0.000266s ]
SQL: SELECT * FROM `iteminfo` WHERE ( item=785 )  [ RunTime:0.000248s ]
SQL: SELECT * FROM `iteminfo` WHERE ( item=785 )  [ RunTime:0.000248s ]
SQL: SELECT * FROM `iteminfo` WHERE ( item=785 )  [ RunTime:0.000248s ]
SQL: SELECT * FROM `iteminfo` WHERE ( item=785 )  [ RunTime:0.000252s ]
SQL: SELECT * FROM `iteminfo` WHERE ( item=785 )  [ RunTime:0.000248s ]
SQL: SELECT * FROM `iteminfo` WHERE ( item=785 )  [ RunTime:0.000249s ]
SQL: SELECT * FROM `iteminfo` WHERE ( item=785 )  [ RunTime:0.000249s ]
SQL: SELECT * FROM `iteminfo` WHERE ( item=789 )  [ RunTime:0.000253s ]
SQL: SELECT * FROM `iteminfo` WHERE ( item=809 )  [ RunTime:0.000255s ]
SQL: SELECT * FROM `iteminfo` WHERE ( item=811 )  [ RunTime:0.000257s ]
SQL: SELECT * FROM `iteminfo` WHERE ( item=812 )  [ RunTime:0.000265s ]
SQL: SELECT * FROM `iteminfo` WHERE ( item=812 )  [ RunTime:0.000262s ]
SQL: SELECT * FROM `iteminfo` WHERE ( item=812 )  [ RunTime:0.000262s ]
SQL: SELECT * FROM `iteminfo` WHERE ( item=812 )  [ RunTime:0.000263s ]
SQL: SELECT * FROM `iteminfo` WHERE ( item=818 )  [ RunTime:0.000264s ]
SQL: SELECT * FROM `iteminfo` WHERE ( item=818 )  [ RunTime:0.000270s ]
SQL: SELECT * FROM `iteminfo` WHERE ( item=818 )  [ RunTime:0.000264s ]
SQL: SELECT * FROM `iteminfo` WHERE ( item=818 )  [ RunTime:0.000262s ]
SQL: SELECT * FROM `iteminfo` WHERE ( item=818 )  [ RunTime:0.000262s ]
SQL: SELECT * FROM `iteminfo` WHERE ( item=818 )  [ RunTime:0.000277s ]
SQL: SELECT * FROM `iteminfo` WHERE ( item=818 )  [ RunTime:0.000315s ]
SQL: SELECT * FROM `iteminfo` WHERE ( item=818 )  [ RunTime:0.000264s ]
SQL: SELECT * FROM `iteminfo` WHERE ( item=818 )  [ RunTime:0.000261s ]
SQL: SELECT * FROM `iteminfo` WHERE ( item=858 )  [ RunTime:0.000263s ]
SQL: SELECT * FROM `iteminfo` WHERE ( item=866 )  [ RunTime:0.000265s ]
SQL: SELECT * FROM `iteminfo` WHERE ( item=867 )  [ RunTime:0.000263s ]
SQL: SELECT * FROM `iteminfo` WHERE ( item=869 )  [ RunTime:0.000263s ]
SQL: SELECT * FROM `iteminfo` WHERE ( item=870 )  [ RunTime:0.000263s ]
SQL: SELECT * FROM `iteminfo` WHERE ( item=870 )  [ RunTime:0.000266s ]
SQL: SELECT * FROM `iteminfo` WHERE ( item=873 )  [ RunTime:0.000444s ]
SQL: SELECT * FROM `iteminfo` WHERE ( item=940 )  [ RunTime:0.000308s ]
SQL: SELECT * FROM `iteminfo` WHERE ( item=940 )  [ RunTime:0.000284s ]
SQL: SELECT * FROM `iteminfo` WHERE ( item=940 )  [ RunTime:0.000281s ]
SQL: SELECT * FROM `iteminfo` WHERE ( item=943 )  [ RunTime:0.000273s ]
SQL: SELECT * FROM `iteminfo` WHERE ( item=943 )  [ RunTime:0.000068s ]
SQL: SELECT * FROM `iteminfo` WHERE ( item=944 )  [ RunTime:0.000515s ]
SQL: SELECT * FROM `iteminfo` WHERE ( item=1015 )  [ RunTime:0.000476s ]
SQL: SELECT * FROM `iteminfo` WHERE ( item=1168 )  [ RunTime:0.000417s ]
SQL: SELECT * FROM `iteminfo` WHERE ( item=1168 )  [ RunTime:0.000307s ]
SQL: SELECT * FROM `iteminfo` WHERE ( item=1168 )  [ RunTime:0.000361s ]
SQL: SELECT * FROM `iteminfo` WHERE ( item=1168 )  [ RunTime:0.000089s ]
SQL: SELECT * FROM `iteminfo` WHERE ( item=1169 )  [ RunTime:0.000324s ]
SQL: SELECT * FROM `iteminfo` WHERE ( item=1169 )  [ RunTime:0.000329s ]
SQL: SELECT * FROM `iteminfo` WHERE ( item=1169 )  [ RunTime:0.000710s ]
SQL: SELECT * FROM `iteminfo` WHERE ( item=1203 )  [ RunTime:0.000075s ]
SQL: SELECT * FROM `iteminfo` WHERE ( item=1203 )  [ RunTime:0.000337s ]
SQL: SELECT * FROM `iteminfo` WHERE ( item=1206 )  [ RunTime:0.000577s ]
SQL: SELECT * FROM `iteminfo` WHERE ( item=1206 )  [ RunTime:0.000286s ]
SQL: SELECT * FROM `iteminfo` WHERE ( item=1206 )  [ RunTime:0.000424s ]
SQL: SELECT * FROM `iteminfo` WHERE ( item=1206 )  [ RunTime:0.000326s ]
SQL: SELECT * FROM `iteminfo` WHERE ( item=1206 )  [ RunTime:0.000440s ]
SQL: SELECT * FROM `iteminfo` WHERE ( item=1206 )  [ RunTime:0.000585s ]
SQL: SELECT * FROM `iteminfo` WHERE ( item=1206 )  [ RunTime:0.000499s ]
SQL: SELECT * FROM `iteminfo` WHERE ( item=1206 )  [ RunTime:0.000535s ]
SQL: SELECT * FROM `iteminfo` WHERE ( item=1206 )  [ RunTime:0.000274s ]
SQL: SELECT * FROM `iteminfo` WHERE ( item=1206 )  [ RunTime:0.000271s ]
SQL: SELECT * FROM `iteminfo` WHERE ( item=1206 )  [ RunTime:0.000271s ]
SQL: SELECT * FROM `iteminfo` WHERE ( item=1206 )  [ RunTime:0.000286s ]
SQL: SELECT * FROM `iteminfo` WHERE ( item=1206 )  [ RunTime:0.000272s ]
SQL: SELECT * FROM `iteminfo` WHERE ( item=1206 )  [ RunTime:0.000268s ]
SQL: SELECT * FROM `iteminfo` WHERE ( item=1206 )  [ RunTime:0.000268s ]
SQL: SELECT * FROM `iteminfo` WHERE ( item=1206 )  [ RunTime:0.000268s ]
SQL: SELECT * FROM `iteminfo` WHERE ( item=1206 )  [ RunTime:0.000272s ]
SQL: SELECT * FROM `iteminfo` WHERE ( item=1206 )  [ RunTime:0.000269s ]
SQL: SELECT * FROM `iteminfo` WHERE ( item=1206 )  [ RunTime:0.000273s ]
SQL: SELECT * FROM `iteminfo` WHERE ( item=1206 )  [ RunTime:0.000274s ]
SQL: SELECT * FROM `iteminfo` WHERE ( item=1206 )  [ RunTime:0.000465s ]
SQL: SELECT * FROM `iteminfo` WHERE ( item=1206 )  [ RunTime:0.000393s ]
SQL: SELECT * FROM `iteminfo` WHERE ( item=1210 )  [ RunTime:0.000084s ]
SQL: SELECT * FROM `iteminfo` WHERE ( item=1210 )  [ RunTime:0.000608s ]
SQL: SELECT * FROM `iteminfo` WHERE ( item=1210 )  [ RunTime:0.000312s ]
SQL: SELECT * FROM `iteminfo` WHERE ( item=1210 )  [ RunTime:0.000067s ]
SQL: SELECT * FROM `iteminfo` WHERE ( item=1210 )  [ RunTime:0.000341s ]
SQL: SELECT * FROM `iteminfo` WHERE ( item=1210 )  [ RunTime:0.000283s ]
SQL: SELECT * FROM `iteminfo` WHERE ( item=1210 )  [ RunTime:0.000302s ]
SQL: SELECT * FROM `iteminfo` WHERE ( item=1210 )  [ RunTime:0.000331s ]
SQL: SELECT * FROM `iteminfo` WHERE ( item=1210 )  [ RunTime:0.000482s ]
SQL: SELECT * FROM `iteminfo` WHERE ( item=1210 )  [ RunTime:0.000353s ]
SQL: SELECT * FROM `iteminfo` WHERE ( item=1210 )  [ RunTime:0.000318s ]
SQL: SELECT * FROM `iteminfo` WHERE ( item=1210 )  [ RunTime:0.000637s ]
SQL: SELECT * FROM `iteminfo` WHERE ( item=1210 )  [ RunTime:0.000424s ]
SQL: SELECT * FROM `iteminfo` WHERE ( item=1210 )  [ RunTime:0.000344s ]
SQL: SELECT * FROM `iteminfo` WHERE ( item=1210 )  [ RunTime:0.000434s ]
SQL: SELECT * FROM `iteminfo` WHERE ( item=1210 )  [ RunTime:0.000068s ]
SQL: SELECT * FROM `iteminfo` WHERE ( item=1210 )  [ RunTime:0.000391s ]
SQL: SELECT * FROM `iteminfo` WHERE ( item=1210 )  [ RunTime:0.000395s ]
SQL: SELECT * FROM `iteminfo` WHERE ( item=1210 )  [ RunTime:0.000423s ]
SQL: SELECT * FROM `iteminfo` WHERE ( item=1210 )  [ RunTime:0.000431s ]
SQL: SELECT * FROM `iteminfo` WHERE ( item=1210 )  [ RunTime:0.000281s ]
SQL: SELECT * FROM `iteminfo` WHERE ( item=1210 )  [ RunTime:0.000296s ]
SQL: SELECT * FROM `iteminfo` WHERE ( item=1210 )  [ RunTime:0.000401s ]
SQL: SELECT * FROM `iteminfo` WHERE ( item=1210 )  [ RunTime:0.000288s ]
SQL: SELECT * FROM `iteminfo` WHERE ( item=1210 )  [ RunTime:0.000422s ]
SQL: SELECT * FROM `iteminfo` WHERE ( item=1210 )  [ RunTime:0.000379s ]
SQL: SELECT * FROM `iteminfo` WHERE ( item=1210 )  [ RunTime:0.000067s ]
SQL: SELECT * FROM `iteminfo` WHERE ( item=1210 )  [ RunTime:0.000288s ]
SQL: SELECT * FROM `iteminfo` WHERE ( item=1263 )  [ RunTime:0.000279s ]
SQL: SELECT * FROM `iteminfo` WHERE ( item=1263 )  [ RunTime:0.000291s ]
SQL: SELECT * FROM `iteminfo` WHERE ( item=1263 )  [ RunTime:0.000275s ]
SQL: SELECT * FROM `iteminfo` WHERE ( item=1263 )  [ RunTime:0.000272s ]
SQL: SELECT * FROM `iteminfo` WHERE ( item=1443 )  [ RunTime:0.000279s ]
SQL: SELECT * FROM `iteminfo` WHERE ( item=1443 )  [ RunTime:0.000272s ]
SQL: SELECT * FROM `iteminfo` WHERE ( item=1443 )  [ RunTime:0.000277s ]
SQL: SELECT * FROM `iteminfo` WHERE ( item=1447 )  [ RunTime:0.000275s ]
SQL: SELECT * FROM `iteminfo` WHERE ( item=1529 )  [ RunTime:0.000270s ]
SQL: SELECT * FROM `iteminfo` WHERE ( item=1529 )  [ RunTime:0.000477s ]
SQL: SELECT * FROM `iteminfo` WHERE ( item=1529 )  [ RunTime:0.000288s ]
SQL: SELECT * FROM `iteminfo` WHERE ( item=1529 )  [ RunTime:0.000272s ]
SQL: SELECT * FROM `iteminfo` WHERE ( item=1529 )  [ RunTime:0.000272s ]
SQL: SELECT * FROM `iteminfo` WHERE ( item=1529 )  [ RunTime:0.000280s ]
SQL: SELECT * FROM `iteminfo` WHERE ( item=1529 )  [ RunTime:0.000271s ]
SQL: SELECT * FROM `iteminfo` WHERE ( item=1529 )  [ RunTime:0.000276s ]
SQL: SELECT * FROM `iteminfo` WHERE ( item=1529 )  [ RunTime:0.000270s ]
SQL: SELECT * FROM `iteminfo` WHERE ( item=1529 )  [ RunTime:0.000270s ]
SQL: SELECT * FROM `iteminfo` WHERE ( item=1529 )  [ RunTime:0.000281s ]
SQL: SELECT * FROM `iteminfo` WHERE ( item=1529 )  [ RunTime:0.000331s ]
SQL: SELECT * FROM `iteminfo` WHERE ( item=1529 )  [ RunTime:0.000280s ]
SQL: SELECT * FROM `iteminfo` WHERE ( item=1529 )  [ RunTime:0.000271s ]
SQL: SELECT * FROM `iteminfo` WHERE ( item=1529 )  [ RunTime:0.000278s ]
SQL: SELECT * FROM `iteminfo` WHERE ( item=1529 )  [ RunTime:0.000273s ]
SQL: SELECT * FROM `iteminfo` WHERE ( item=1529 )  [ RunTime:0.000270s ]
SQL: SELECT * FROM `iteminfo` WHERE ( item=1529 )  [ RunTime:0.000272s ]
SQL: SELECT * FROM `iteminfo` WHERE ( item=1529 )  [ RunTime:0.000269s ]
SQL: SELECT * FROM `iteminfo` WHERE ( item=1529 )  [ RunTime:0.000282s ]
SQL: SELECT * FROM `iteminfo` WHERE ( item=1613 )  [ RunTime:0.000271s ]
SQL: SELECT * FROM `iteminfo` WHERE ( item=1640 )  [ RunTime:0.000286s ]
SQL: SELECT * FROM `iteminfo` WHERE ( item=1705 )  [ RunTime:0.000273s ]
SQL: SELECT * FROM `iteminfo` WHERE ( item=1705 )  [ RunTime:0.000270s ]
SQL: SELECT * FROM `iteminfo` WHERE ( item=1705 )  [ RunTime:0.000278s ]
SQL: SELECT * FROM `iteminfo` WHERE ( item=1705 )  [ RunTime:0.000270s ]
SQL: SELECT * FROM `iteminfo` WHERE ( item=1705 )  [ RunTime:0.000276s ]
SQL: SELECT * FROM `iteminfo` WHERE ( item=1705 )  [ RunTime:0.000270s ]
SQL: SELECT * FROM `iteminfo` WHERE ( item=1705 )  [ RunTime:0.000270s ]
SQL: SELECT * FROM `iteminfo` WHERE ( item=1705 )  [ RunTime:0.000272s ]
SQL: SELECT * FROM `iteminfo` WHERE ( item=1705 )  [ RunTime:0.000285s ]
SQL: SELECT * FROM `iteminfo` WHERE ( item=1705 )  [ RunTime:0.000282s ]
SQL: SELECT * FROM `iteminfo` WHERE ( item=1705 )  [ RunTime:0.000271s ]
SQL: SELECT * FROM `iteminfo` WHERE ( item=1705 )  [ RunTime:0.000270s ]
SQL: SELECT * FROM `iteminfo` WHERE ( item=1705 )  [ RunTime:0.000429s ]
SQL: SELECT * FROM `iteminfo` WHERE ( item=1705 )  [ RunTime:0.000511s ]
SQL: SELECT * FROM `iteminfo` WHERE ( item=1705 )  [ RunTime:0.000319s ]
SQL: SELECT * FROM `iteminfo` WHERE ( item=1705 )  [ RunTime:0.000570s ]
SQL: SELECT * FROM `iteminfo` WHERE ( item=1705 )  [ RunTime:0.000421s ]
SQL: SELECT * FROM `iteminfo` WHERE ( item=1705 )  [ RunTime:0.000293s ]
SQL: SELECT * FROM `iteminfo` WHERE ( item=1705 )  [ RunTime:0.000288s ]
SQL: SELECT * FROM `iteminfo` WHERE ( item=1705 )  [ RunTime:0.000277s ]
SQL: SELECT * FROM `iteminfo` WHERE ( item=1705 )  [ RunTime:0.000274s ]
SQL: SELECT * FROM `iteminfo` WHERE ( item=1705 )  [ RunTime:0.000298s ]
SQL: SELECT * FROM `iteminfo` WHERE ( item=1705 )  [ RunTime:0.000275s ]
SQL: SELECT * FROM `iteminfo` WHERE ( item=1705 )  [ RunTime:0.000274s ]
SQL: SELECT * FROM `iteminfo` WHERE ( item=1716 )  [ RunTime:0.000291s ]
SQL: SELECT * FROM `iteminfo` WHERE ( item=1725 )  [ RunTime:0.000271s ]
SQL: SELECT * FROM `iteminfo` WHERE ( item=1761 )  [ RunTime:0.000423s ]
SQL: SELECT * FROM `iteminfo` WHERE ( item=1973 )  [ RunTime:0.000268s ]
SQL: SELECT * FROM `iteminfo` WHERE ( item=1973 )  [ RunTime:0.000056s ]
SQL: SELECT * FROM `iteminfo` WHERE ( item=1973 )  [ RunTime:0.000267s ]
SQL: SELECT * FROM `iteminfo` WHERE ( item=1973 )  [ RunTime:0.000267s ]
SQL: SELECT * FROM `iteminfo` WHERE ( item=1973 )  [ RunTime:0.000266s ]
SQL: SELECT * FROM `iteminfo` WHERE ( item=1973 )  [ RunTime:0.000269s ]
SQL: SELECT * FROM `iteminfo` WHERE ( item=1973 )  [ RunTime:0.000292s ]
SQL: SELECT * FROM `iteminfo` WHERE ( item=1973 )  [ RunTime:0.000267s ]
SQL: SELECT * FROM `iteminfo` WHERE ( item=1973 )  [ RunTime:0.000266s ]
SQL: SELECT * FROM `iteminfo` WHERE ( item=1973 )  [ RunTime:0.000407s ]
SQL: SELECT * FROM `iteminfo` WHERE ( item=1973 )  [ RunTime:0.000299s ]
SQL: SELECT * FROM `iteminfo` WHERE ( item=1978 )  [ RunTime:0.000333s ]
SQL: SELECT * FROM `iteminfo` WHERE ( item=1979 )  [ RunTime:0.000284s ]
SQL: SELECT * FROM `iteminfo` WHERE ( item=1982 )  [ RunTime:0.000281s ]
SQL: SELECT * FROM `iteminfo` WHERE ( item=2034 )  [ RunTime:0.000276s ]
SQL: SELECT * FROM `iteminfo` WHERE ( item=2077 )  [ RunTime:0.000295s ]
SQL: SELECT * FROM `iteminfo` WHERE ( item=2099 )  [ RunTime:0.000270s ]
SQL: SELECT * FROM `iteminfo` WHERE ( item=2099 )  [ RunTime:0.000269s ]
SQL: SELECT * FROM `iteminfo` WHERE ( item=2099 )  [ RunTime:0.000061s ]
SQL: SELECT * FROM `iteminfo` WHERE ( item=2163 )  [ RunTime:0.000267s ]
SQL: SELECT * FROM `iteminfo` WHERE ( item=2163 )  [ RunTime:0.000278s ]
SQL: SELECT * FROM `iteminfo` WHERE ( item=2243 )  [ RunTime:0.000266s ]
SQL: SELECT * FROM `iteminfo` WHERE ( item=2316 )  [ RunTime:0.000267s ]
SQL: SELECT * FROM `iteminfo` WHERE ( item=2318 )  [ RunTime:0.000267s ]
SQL: SELECT * FROM `iteminfo` WHERE ( item=2318 )  [ RunTime:0.000283s ]
SQL: SELECT * FROM `iteminfo` WHERE ( item=2318 )  [ RunTime:0.000277s ]
SQL: SELECT * FROM `iteminfo` WHERE ( item=2318 )  [ RunTime:0.000270s ]
SQL: SELECT * FROM `iteminfo` WHERE ( item=2318 )  [ RunTime:0.000267s ]
SQL: SELECT * FROM `iteminfo` WHERE ( item=2318 )  [ RunTime:0.000297s ]
SQL: SELECT * FROM `iteminfo` WHERE ( item=2318 )  [ RunTime:0.000267s ]
SQL: SELECT * FROM `iteminfo` WHERE ( item=2318 )  [ RunTime:0.000429s ]
SQL: SELECT * FROM `iteminfo` WHERE ( item=2318 )  [ RunTime:0.000064s ]
SQL: SELECT * FROM `iteminfo` WHERE ( item=2319 )  [ RunTime:0.000293s ]
SQL: SELECT * FROM `iteminfo` WHERE ( item=2319 )  [ RunTime:0.000070s ]
SQL: SELECT * FROM `iteminfo` WHERE ( item=2319 )  [ RunTime:0.000494s ]
SQL: SELECT * FROM `iteminfo` WHERE ( item=2319 )  [ RunTime:0.000269s ]
SQL: SELECT * FROM `iteminfo` WHERE ( item=2319 )  [ RunTime:0.000358s ]
SQL: SELECT * FROM `iteminfo` WHERE ( item=2319 )  [ RunTime:0.000270s ]
SQL: SELECT * FROM `iteminfo` WHERE ( item=2319 )  [ RunTime:0.000277s ]
SQL: SELECT * FROM `iteminfo` WHERE ( item=2319 )  [ RunTime:0.000425s ]
SQL: SELECT * FROM `iteminfo` WHERE ( item=2319 )  [ RunTime:0.000275s ]
SQL: SELECT * FROM `iteminfo` WHERE ( item=2319 )  [ RunTime:0.000283s ]
SQL: SELECT * FROM `iteminfo` WHERE ( item=2319 )  [ RunTime:0.000279s ]
SQL: SELECT * FROM `iteminfo` WHERE ( item=2319 )  [ RunTime:0.000494s ]
SQL: SELECT * FROM `iteminfo` WHERE ( item=2319 )  [ RunTime:0.000272s ]
SQL: SELECT * FROM `iteminfo` WHERE ( item=2319 )  [ RunTime:0.000267s ]
SQL: SELECT * FROM `iteminfo` WHERE ( item=2319 )  [ RunTime:0.000276s ]
SQL: SELECT * FROM `iteminfo` WHERE ( item=2319 )  [ RunTime:0.000273s ]
SQL: SELECT * FROM `iteminfo` WHERE ( item=2319 )  [ RunTime:0.000068s ]
SQL: SELECT * FROM `iteminfo` WHERE ( item=2319 )  [ RunTime:0.000279s ]
SQL: SELECT * FROM `iteminfo` WHERE ( item=2319 )  [ RunTime:0.000267s ]
SQL: SELECT * FROM `iteminfo` WHERE ( item=2319 )  [ RunTime:0.000283s ]
SQL: SELECT * FROM `iteminfo` WHERE ( item=2319 )  [ RunTime:0.000266s ]
SQL: SELECT * FROM `iteminfo` WHERE ( item=2319 )  [ RunTime:0.000272s ]
SQL: SELECT * FROM `iteminfo` WHERE ( item=2319 )  [ RunTime:0.000387s ]
SQL: SELECT * FROM `iteminfo` WHERE ( item=2319 )  [ RunTime:0.000270s ]
SQL: SELECT * FROM `iteminfo` WHERE ( item=2319 )  [ RunTime:0.000281s ]
SQL: SELECT * FROM `iteminfo` WHERE ( item=2319 )  [ RunTime:0.000265s ]
SQL: SELECT * FROM `iteminfo` WHERE ( item=2319 )  [ RunTime:0.000415s ]
SQL: SELECT * FROM `iteminfo` WHERE ( item=2319 )  [ RunTime:0.000568s ]
SQL: SELECT * FROM `iteminfo` WHERE ( item=2320 )  [ RunTime:0.000431s ]
SQL: SELECT * FROM `iteminfo` WHERE ( item=2320 )  [ RunTime:0.000427s ]
SQL: SELECT * FROM `iteminfo` WHERE ( item=2320 )  [ RunTime:0.000431s ]
SQL: SELECT * FROM `iteminfo` WHERE ( item=2321 )  [ RunTime:0.000436s ]
SQL: SELECT * FROM `iteminfo` WHERE ( item=2321 )  [ RunTime:0.000429s ]
SQL: SELECT * FROM `iteminfo` WHERE ( item=2321 )  [ RunTime:0.000547s ]
SQL: SELECT * FROM `iteminfo` WHERE ( item=2321 )  [ RunTime:0.000496s ]
SQL: SELECT * FROM `iteminfo` WHERE ( item=2324 )  [ RunTime:0.000299s ]
SQL: SELECT * FROM `iteminfo` WHERE ( item=2324 )  [ RunTime:0.000291s ]
SQL: SELECT * FROM `iteminfo` WHERE ( item=2324 )  [ RunTime:0.000287s ]
SQL: SELECT * FROM `iteminfo` WHERE ( item=2324 )  [ RunTime:0.000279s ]
SQL: SELECT * FROM `iteminfo` WHERE ( item=2325 )  [ RunTime:0.000275s ]
SQL: SELECT * FROM `iteminfo` WHERE ( item=2325 )  [ RunTime:0.000301s ]
SQL: SELECT * FROM `iteminfo` WHERE ( item=2325 )  [ RunTime:0.000070s ]
SQL: SELECT * FROM `iteminfo` WHERE ( item=2406 )  [ RunTime:0.000473s ]
SQL: SELECT * FROM `iteminfo` WHERE ( item=2406 )  [ RunTime:0.000270s ]
SQL: SELECT * FROM `iteminfo` WHERE ( item=2406 )  [ RunTime:0.000272s ]
SQL: SELECT * FROM `iteminfo` WHERE ( item=2407 )  [ RunTime:0.000273s ]
SQL: SELECT * FROM `iteminfo` WHERE ( item=2407 )  [ RunTime:0.000271s ]
SQL: SELECT * FROM `iteminfo` WHERE ( item=2407 )  [ RunTime:0.000271s ]
SQL: SELECT * FROM `iteminfo` WHERE ( item=2408 )  [ RunTime:0.000271s ]
SQL: SELECT * FROM `iteminfo` WHERE ( item=2447 )  [ RunTime:0.000271s ]
SQL: SELECT * FROM `iteminfo` WHERE ( item=2447 )  [ RunTime:0.000290s ]
SQL: SELECT * FROM `iteminfo` WHERE ( item=2447 )  [ RunTime:0.000272s ]
SQL: SELECT * FROM `iteminfo` WHERE ( item=2447 )  [ RunTime:0.000272s ]
SQL: SELECT * FROM `iteminfo` WHERE ( item=2447 )  [ RunTime:0.000271s ]
SQL: SELECT * FROM `iteminfo` WHERE ( item=2447 )  [ RunTime:0.000269s ]
SQL: SELECT * FROM `iteminfo` WHERE ( item=2447 )  [ RunTime:0.000271s ]
SQL: SELECT * FROM `iteminfo` WHERE ( item=2447 )  [ RunTime:0.000271s ]
SQL: SELECT * FROM `iteminfo` WHERE ( item=2447 )  [ RunTime:0.000270s ]
SQL: SELECT * FROM `iteminfo` WHERE ( item=2447 )  [ RunTime:0.000269s ]
SQL: SELECT * FROM `iteminfo` WHERE ( item=2449 )  [ RunTime:0.000283s ]
SQL: SELECT * FROM `iteminfo` WHERE ( item=2449 )  [ RunTime:0.000272s ]
SQL: SELECT * FROM `iteminfo` WHERE ( item=2449 )  [ RunTime:0.000270s ]
SQL: SELECT * FROM `iteminfo` WHERE ( item=2449 )  [ RunTime:0.000269s ]
SQL: SELECT * FROM `iteminfo` WHERE ( item=2449 )  [ RunTime:0.000281s ]
SQL: SELECT * FROM `iteminfo` WHERE ( item=2449 )  [ RunTime:0.000701s ]
SQL: SELECT * FROM `iteminfo` WHERE ( item=2449 )  [ RunTime:0.000074s ]
SQL: SELECT * FROM `iteminfo` WHERE ( item=2449 )  [ RunTime:0.000291s ]
SQL: SELECT * FROM `iteminfo` WHERE ( item=2449 )  [ RunTime:0.000521s ]
SQL: SELECT * FROM `iteminfo` WHERE ( item=2449 )  [ RunTime:0.000070s ]
SQL: SELECT * FROM `iteminfo` WHERE ( item=2449 )  [ RunTime:0.000287s ]
SQL: SELECT * FROM `iteminfo` WHERE ( item=2449 )  [ RunTime:0.000274s ]
SQL: SELECT * FROM `iteminfo` WHERE ( item=2449 )  [ RunTime:0.000284s ]
SQL: SELECT * FROM `iteminfo` WHERE ( item=2449 )  [ RunTime:0.000273s ]
SQL: SELECT * FROM `iteminfo` WHERE ( item=2449 )  [ RunTime:0.000282s ]
SQL: SELECT * FROM `iteminfo` WHERE ( item=2449 )  [ RunTime:0.000272s ]
SQL: SELECT * FROM `iteminfo` WHERE ( item=2449 )  [ RunTime:0.000278s ]
SQL: SELECT * FROM `iteminfo` WHERE ( item=2449 )  [ RunTime:0.000277s ]
SQL: SELECT * FROM `iteminfo` WHERE ( item=2450 )  [ RunTime:0.000291s ]
SQL: SELECT * FROM `iteminfo` WHERE ( item=2450 )  [ RunTime:0.000279s ]
SQL: SELECT * FROM `iteminfo` WHERE ( item=2450 )  [ RunTime:0.000271s ]
SQL: SELECT * FROM `iteminfo` WHERE ( item=2450 )  [ RunTime:0.000281s ]
SQL: SELECT * FROM `iteminfo` WHERE ( item=2450 )  [ RunTime:0.000271s ]
SQL: SELECT * FROM `iteminfo` WHERE ( item=2450 )  [ RunTime:0.000269s ]
SQL: SELECT * FROM `iteminfo` WHERE ( item=2450 )  [ RunTime:0.000280s ]
SQL: SELECT * FROM `iteminfo` WHERE ( item=2450 )  [ RunTime:0.000268s ]
SQL: SELECT * FROM `iteminfo` WHERE ( item=2450 )  [ RunTime:0.000280s ]
SQL: SELECT * FROM `iteminfo` WHERE ( item=2450 )  [ RunTime:0.000269s ]
SQL: SELECT * FROM `iteminfo` WHERE ( item=2450 )  [ RunTime:0.000282s ]
SQL: SELECT * FROM `iteminfo` WHERE ( item=2450 )  [ RunTime:0.000468s ]
SQL: SELECT * FROM `iteminfo` WHERE ( item=2450 )  [ RunTime:0.000280s ]
SQL: SELECT * FROM `iteminfo` WHERE ( item=2450 )  [ RunTime:0.000276s ]
SQL: SELECT * FROM `iteminfo` WHERE ( item=2450 )  [ RunTime:0.000273s ]
SQL: SELECT * FROM `iteminfo` WHERE ( item=2450 )  [ RunTime:0.000286s ]
SQL: SELECT * FROM `iteminfo` WHERE ( item=2450 )  [ RunTime:0.000335s ]
SQL: SELECT * FROM `iteminfo` WHERE ( item=2450 )  [ RunTime:0.000281s ]
SQL: SELECT * FROM `iteminfo` WHERE ( item=2452 )  [ RunTime:0.000289s ]
SQL: SELECT * FROM `iteminfo` WHERE ( item=2452 )  [ RunTime:0.000280s ]
SQL: SELECT * FROM `iteminfo` WHERE ( item=2452 )  [ RunTime:0.000269s ]
SQL: SELECT * FROM `iteminfo` WHERE ( item=2452 )  [ RunTime:0.000292s ]
SQL: SELECT * FROM `iteminfo` WHERE ( item=2452 )  [ RunTime:0.000277s ]
SQL: SELECT * FROM `iteminfo` WHERE ( item=2452 )  [ RunTime:0.000270s ]
SQL: SELECT * FROM `iteminfo` WHERE ( item=2452 )  [ RunTime:0.000325s ]
SQL: SELECT * FROM `iteminfo` WHERE ( item=2452 )  [ RunTime:0.000269s ]
SQL: SELECT * FROM `iteminfo` WHERE ( item=2452 )  [ RunTime:0.000280s ]
SQL: SELECT * FROM `iteminfo` WHERE ( item=2452 )  [ RunTime:0.000269s ]
SQL: SELECT * FROM `iteminfo` WHERE ( item=2452 )  [ RunTime:0.000279s ]
SQL: SELECT * FROM `iteminfo` WHERE ( item=2452 )  [ RunTime:0.000321s ]
SQL: SELECT * FROM `iteminfo` WHERE ( item=2452 )  [ RunTime:0.000269s ]
SQL: SELECT * FROM `iteminfo` WHERE ( item=2452 )  [ RunTime:0.000267s ]
SQL: SELECT * FROM `iteminfo` WHERE ( item=2452 )  [ RunTime:0.000313s ]
SQL: SELECT * FROM `iteminfo` WHERE ( item=2452 )  [ RunTime:0.000280s ]
SQL: SELECT * FROM `iteminfo` WHERE ( item=2452 )  [ RunTime:0.000267s ]
SQL: SELECT * FROM `iteminfo` WHERE ( item=2452 )  [ RunTime:0.000277s ]
SQL: SELECT * FROM `iteminfo` WHERE ( item=2452 )  [ RunTime:0.000268s ]
SQL: SELECT * FROM `iteminfo` WHERE ( item=2452 )  [ RunTime:0.000286s ]
SQL: SELECT * FROM `iteminfo` WHERE ( item=2452 )  [ RunTime:0.000279s ]
SQL: SELECT * FROM `iteminfo` WHERE ( item=2453 )  [ RunTime:0.000268s ]
SQL: SELECT * FROM `iteminfo` WHERE ( item=2453 )  [ RunTime:0.000314s ]
SQL: SELECT * FROM `iteminfo` WHERE ( item=2453 )  [ RunTime:0.000069s ]
SQL: SELECT * FROM `iteminfo` WHERE ( item=2453 )  [ RunTime:0.000268s ]
SQL: SELECT * FROM `iteminfo` WHERE ( item=2453 )  [ RunTime:0.000466s ]
SQL: SELECT * FROM `iteminfo` WHERE ( item=2453 )  [ RunTime:0.000271s ]
SQL: SELECT * FROM `iteminfo` WHERE ( item=2453 )  [ RunTime:0.000268s ]
SQL: SELECT * FROM `iteminfo` WHERE ( item=2553 )  [ RunTime:0.000286s ]
SQL: SELECT * FROM `iteminfo` WHERE ( item=2565 )  [ RunTime:0.000269s ]
SQL: SELECT * FROM `iteminfo` WHERE ( item=2572 )  [ RunTime:0.000269s ]
SQL: SELECT * FROM `iteminfo` WHERE ( item=2575 )  [ RunTime:0.000269s ]
SQL: SELECT * FROM `iteminfo` WHERE ( item=2575 )  [ RunTime:0.000267s ]
SQL: SELECT * FROM `iteminfo` WHERE ( item=2575 )  [ RunTime:0.000267s ]
SQL: SELECT * FROM `iteminfo` WHERE ( item=2575 )  [ RunTime:0.000272s ]
SQL: SELECT * FROM `iteminfo` WHERE ( item=2575 )  [ RunTime:0.000267s ]
SQL: SELECT * FROM `iteminfo` WHERE ( item=2575 )  [ RunTime:0.000269s ]
SQL: SELECT * FROM `iteminfo` WHERE ( item=2575 )  [ RunTime:0.000271s ]
SQL: SELECT * FROM `iteminfo` WHERE ( item=2576 )  [ RunTime:0.000285s ]
SQL: SELECT * FROM `iteminfo` WHERE ( item=2576 )  [ RunTime:0.000270s ]
SQL: SELECT * FROM `iteminfo` WHERE ( item=2576 )  [ RunTime:0.000286s ]
SQL: SELECT * FROM `iteminfo` WHERE ( item=2577 )  [ RunTime:0.000272s ]
SQL: SELECT * FROM `iteminfo` WHERE ( item=2577 )  [ RunTime:0.000265s ]
SQL: SELECT * FROM `iteminfo` WHERE ( item=2577 )  [ RunTime:0.000689s ]
NOTIC: [2] Missing argument 1 for Think\Controller::show(), called in /var/www/wow/Application/Home/Controller/IndexController.class.php on line 73 and defined /var/www/wow/ThinkPHP/Library/Think/Controller.class.php 第 68 行.
NOTIC: [8] Undefined variable: content /var/www/wow/ThinkPHP/Library/Think/Controller.class.php 第 69 行.
INFO: [ view_parse ] --START--
NOTIC: [8] Undefined offset: 1 /var/www/wow/ThinkPHP/Library/Think/Template/TagLib/Cx.class.php 第 494 行.
NOTIC: [8] Undefined offset: 1 /var/www/wow/ThinkPHP/Library/Think/Template/TagLib/Cx.class.php 第 494 行.
NOTIC: [8] Undefined offset: 1 /var/www/wow/ThinkPHP/Library/Think/Template/TagLib/Cx.class.php 第 494 行.
NOTIC: [8] Undefined offset: 1 /var/www/wow/ThinkPHP/Library/Think/Template/TagLib/Cx.class.php 第 494 行.
INFO: [ template_filter ] --START--
INFO: Run Behavior\ContentReplaceBehavior [ RunTime:0.000046s ]
INFO: [ template_filter ] --END-- [ RunTime:0.000108s ]
INFO: Run Behavior\ParseTemplateBehavior [ RunTime:0.020030s ]
INFO: [ view_parse ] --END-- [ RunTime:0.020090s ]
INFO: [ view_filter ] --START--
INFO: Run Behavior\WriteHtmlCacheBehavior [ RunTime:0.003501s ]
INFO: [ view_filter ] --END-- [ RunTime:0.003555s ]
INFO: [ app_end ] --START--
INFO: Run Behavior\ShowPageTraceBehavior [ RunTime:0.000591s ]
INFO: [ app_end ] --END-- [ RunTime:0.000666s ]

