[ 2014-07-03T11:35:36+08:00 ] 112.90.141.121 /
INFO: [ app_init ] --START--
INFO: Run Behavior\BuildLiteBehavior [ RunTime:0.000015s ]
INFO: [ app_init ] --END-- [ RunTime:0.000289s ]
INFO: [ app_begin ] --START--
INFO: Run Behavior\ReadHtmlCacheBehavior [ RunTime:0.000313s ]
INFO: [ app_begin ] --END-- [ RunTime:0.000369s ]
SQL: SHOW COLUMNS FROM `auction` [ RunTime:0.000822s ]
SQL: SHOW COLUMNS FROM `iteminfo` [ RunTime:0.000618s ]
SQL: SELECT MAX(time) AS tp_max FROM `auction` LIMIT 1   [ RunTime:0.000084s ]
SQL: SELECT * FROM `auction` WHERE ( `time` >= '1404260234' ) AND ( `group` = 1 ) ORDER BY item LIMIT 400   [ RunTime:0.000278s ]
SQL: SELECT * FROM `iteminfo` WHERE ( item=647 )  [ RunTime:0.005777s ]
SQL: SELECT * FROM `iteminfo` WHERE ( item=647 )  [ RunTime:0.000132s ]
SQL: SELECT * FROM `iteminfo` WHERE ( item=754 )  [ RunTime:0.000097s ]
SQL: SELECT * FROM `iteminfo` WHERE ( item=754 )  [ RunTime:0.000069s ]
SQL: SELECT * FROM `iteminfo` WHERE ( item=765 )  [ RunTime:0.000066s ]
SQL: SELECT * FROM `iteminfo` WHERE ( item=765 )  [ RunTime:0.000066s ]
SQL: SELECT * FROM `iteminfo` WHERE ( item=765 )  [ RunTime:0.000064s ]
SQL: SELECT * FROM `iteminfo` WHERE ( item=765 )  [ RunTime:0.000063s ]
SQL: SELECT * FROM `iteminfo` WHERE ( item=765 )  [ RunTime:0.000093s ]
SQL: SELECT * FROM `iteminfo` WHERE ( item=765 )  [ RunTime:0.000099s ]
SQL: SELECT * FROM `iteminfo` WHERE ( item=765 )  [ RunTime:0.000095s ]
SQL: SELECT * FROM `iteminfo` WHERE ( item=765 )  [ RunTime:0.000138s ]
SQL: SELECT * FROM `iteminfo` WHERE ( item=765 )  [ RunTime:0.004303s ]
SQL: SELECT * FROM `iteminfo` WHERE ( item=765 )  [ RunTime:0.000096s ]
SQL: SELECT * FROM `iteminfo` WHERE ( item=765 )  [ RunTime:0.000068s ]
SQL: SELECT * FROM `iteminfo` WHERE ( item=765 )  [ RunTime:0.000066s ]
SQL: SELECT * FROM `iteminfo` WHERE ( item=765 )  [ RunTime:0.000066s ]
SQL: SELECT * FROM `iteminfo` WHERE ( item=765 )  [ RunTime:0.000090s ]
SQL: SELECT * FROM `iteminfo` WHERE ( item=765 )  [ RunTime:0.000112s ]
SQL: SELECT * FROM `iteminfo` WHERE ( item=765 )  [ RunTime:0.000073s ]
SQL: SELECT * FROM `iteminfo` WHERE ( item=765 )  [ RunTime:0.000071s ]
SQL: SELECT * FROM `iteminfo` WHERE ( item=765 )  [ RunTime:0.000068s ]
SQL: SELECT * FROM `iteminfo` WHERE ( item=765 )  [ RunTime:0.000066s ]
SQL: SELECT * FROM `iteminfo` WHERE ( item=765 )  [ RunTime:0.000065s ]
SQL: SELECT * FROM `iteminfo` WHERE ( item=765 )  [ RunTime:0.000123s ]
SQL: SELECT * FROM `iteminfo` WHERE ( item=765 )  [ RunTime:0.000067s ]
SQL: SELECT * FROM `iteminfo` WHERE ( item=765 )  [ RunTime:0.000073s ]
SQL: SELECT * FROM `iteminfo` WHERE ( item=769 )  [ RunTime:0.000070s ]
SQL: SELECT * FROM `iteminfo` WHERE ( item=774 )  [ RunTime:0.000067s ]
SQL: SELECT * FROM `iteminfo` WHERE ( item=774 )  [ RunTime:0.000095s ]
SQL: SELECT * FROM `iteminfo` WHERE ( item=774 )  [ RunTime:0.003261s ]
SQL: SELECT * FROM `iteminfo` WHERE ( item=774 )  [ RunTime:0.000091s ]
SQL: SELECT * FROM `iteminfo` WHERE ( item=774 )  [ RunTime:0.000070s ]
SQL: SELECT * FROM `iteminfo` WHERE ( item=774 )  [ RunTime:0.000068s ]
SQL: SELECT * FROM `iteminfo` WHERE ( item=774 )  [ RunTime:0.000068s ]
SQL: SELECT * FROM `iteminfo` WHERE ( item=774 )  [ RunTime:0.000067s ]
SQL: SELECT * FROM `iteminfo` WHERE ( item=774 )  [ RunTime:0.000067s ]
SQL: SELECT * FROM `iteminfo` WHERE ( item=774 )  [ RunTime:0.000066s ]
SQL: SELECT * FROM `iteminfo` WHERE ( item=774 )  [ RunTime:0.000065s ]
SQL: SELECT * FROM `iteminfo` WHERE ( item=774 )  [ RunTime:0.000065s ]
SQL: SELECT * FROM `iteminfo` WHERE ( item=774 )  [ RunTime:0.000066s ]
SQL: SELECT * FROM `iteminfo` WHERE ( item=774 )  [ RunTime:0.000065s ]
SQL: SELECT * FROM `iteminfo` WHERE ( item=774 )  [ RunTime:0.000075s ]
SQL: SELECT * FROM `iteminfo` WHERE ( item=774 )  [ RunTime:0.000069s ]
SQL: SELECT * FROM `iteminfo` WHERE ( item=783 )  [ RunTime:0.000065s ]
SQL: SELECT * FROM `iteminfo` WHERE ( item=783 )  [ RunTime:0.000064s ]
SQL: SELECT * FROM `iteminfo` WHERE ( item=783 )  [ RunTime:0.001647s ]
SQL: SELECT * FROM `iteminfo` WHERE ( item=783 )  [ RunTime:0.000069s ]
SQL: SELECT * FROM `iteminfo` WHERE ( item=785 )  [ RunTime:0.000065s ]
SQL: SELECT * FROM `iteminfo` WHERE ( item=785 )  [ RunTime:0.000064s ]
SQL: SELECT * FROM `iteminfo` WHERE ( item=785 )  [ RunTime:0.000063s ]
SQL: SELECT * FROM `iteminfo` WHERE ( item=785 )  [ RunTime:0.000063s ]
SQL: SELECT * FROM `iteminfo` WHERE ( item=785 )  [ RunTime:0.000063s ]
SQL: SELECT * FROM `iteminfo` WHERE ( item=785 )  [ RunTime:0.000062s ]
SQL: SELECT * FROM `iteminfo` WHERE ( item=785 )  [ RunTime:0.001720s ]
SQL: SELECT * FROM `iteminfo` WHERE ( item=785 )  [ RunTime:0.000073s ]
SQL: SELECT * FROM `iteminfo` WHERE ( item=785 )  [ RunTime:0.000343s ]
SQL: SELECT * FROM `iteminfo` WHERE ( item=785 )  [ RunTime:0.000373s ]
SQL: SELECT * FROM `iteminfo` WHERE ( item=785 )  [ RunTime:0.000166s ]
SQL: SELECT * FROM `iteminfo` WHERE ( item=785 )  [ RunTime:0.002278s ]
SQL: SELECT * FROM `iteminfo` WHERE ( item=785 )  [ RunTime:0.000065s ]
SQL: SELECT * FROM `iteminfo` WHERE ( item=785 )  [ RunTime:0.000063s ]
SQL: SELECT * FROM `iteminfo` WHERE ( item=785 )  [ RunTime:0.000062s ]
SQL: SELECT * FROM `iteminfo` WHERE ( item=785 )  [ RunTime:0.000062s ]
SQL: SELECT * FROM `iteminfo` WHERE ( item=785 )  [ RunTime:0.000062s ]
SQL: SELECT * FROM `iteminfo` WHERE ( item=785 )  [ RunTime:0.000071s ]
SQL: SELECT * FROM `iteminfo` WHERE ( item=785 )  [ RunTime:0.000064s ]
SQL: SELECT * FROM `iteminfo` WHERE ( item=785 )  [ RunTime:0.000062s ]
SQL: SELECT * FROM `iteminfo` WHERE ( item=785 )  [ RunTime:0.000061s ]
SQL: SELECT * FROM `iteminfo` WHERE ( item=785 )  [ RunTime:0.000063s ]
SQL: SELECT * FROM `iteminfo` WHERE ( item=785 )  [ RunTime:0.000321s ]
SQL: SELECT * FROM `iteminfo` WHERE ( item=785 )  [ RunTime:0.000331s ]
SQL: SELECT * FROM `iteminfo` WHERE ( item=785 )  [ RunTime:0.000303s ]
SQL: SELECT * FROM `iteminfo` WHERE ( item=785 )  [ RunTime:0.000277s ]
SQL: SELECT * FROM `iteminfo` WHERE ( item=785 )  [ RunTime:0.000272s ]
SQL: SELECT * FROM `iteminfo` WHERE ( item=785 )  [ RunTime:0.000270s ]
SQL: SELECT * FROM `iteminfo` WHERE ( item=785 )  [ RunTime:0.000273s ]
SQL: SELECT * FROM `iteminfo` WHERE ( item=785 )  [ RunTime:0.000271s ]
SQL: SELECT * FROM `iteminfo` WHERE ( item=785 )  [ RunTime:0.000274s ]
SQL: SELECT * FROM `iteminfo` WHERE ( item=785 )  [ RunTime:0.000313s ]
SQL: SELECT * FROM `iteminfo` WHERE ( item=785 )  [ RunTime:0.000300s ]
SQL: SELECT * FROM `iteminfo` WHERE ( item=785 )  [ RunTime:0.000300s ]
SQL: SELECT * FROM `iteminfo` WHERE ( item=785 )  [ RunTime:0.000269s ]
SQL: SELECT * FROM `iteminfo` WHERE ( item=789 )  [ RunTime:0.000273s ]
SQL: SELECT * FROM `iteminfo` WHERE ( item=809 )  [ RunTime:0.000273s ]
SQL: SELECT * FROM `iteminfo` WHERE ( item=811 )  [ RunTime:0.000273s ]
SQL: SELECT * FROM `iteminfo` WHERE ( item=812 )  [ RunTime:0.000273s ]
SQL: SELECT * FROM `iteminfo` WHERE ( item=812 )  [ RunTime:0.000299s ]
SQL: SELECT * FROM `iteminfo` WHERE ( item=812 )  [ RunTime:0.000271s ]
SQL: SELECT * FROM `iteminfo` WHERE ( item=812 )  [ RunTime:0.000275s ]
SQL: SELECT * FROM `iteminfo` WHERE ( item=818 )  [ RunTime:0.000285s ]
SQL: SELECT * FROM `iteminfo` WHERE ( item=818 )  [ RunTime:0.000272s ]
SQL: SELECT * FROM `iteminfo` WHERE ( item=818 )  [ RunTime:0.000272s ]
SQL: SELECT * FROM `iteminfo` WHERE ( item=818 )  [ RunTime:0.000270s ]
SQL: SELECT * FROM `iteminfo` WHERE ( item=818 )  [ RunTime:0.000271s ]
SQL: SELECT * FROM `iteminfo` WHERE ( item=818 )  [ RunTime:0.000272s ]
SQL: SELECT * FROM `iteminfo` WHERE ( item=818 )  [ RunTime:0.000273s ]
SQL: SELECT * FROM `iteminfo` WHERE ( item=818 )  [ RunTime:0.000275s ]
SQL: SELECT * FROM `iteminfo` WHERE ( item=818 )  [ RunTime:0.000273s ]
SQL: SELECT * FROM `iteminfo` WHERE ( item=858 )  [ RunTime:0.000275s ]
SQL: SELECT * FROM `iteminfo` WHERE ( item=866 )  [ RunTime:0.000290s ]
SQL: SELECT * FROM `iteminfo` WHERE ( item=867 )  [ RunTime:0.000273s ]
SQL: SELECT * FROM `iteminfo` WHERE ( item=869 )  [ RunTime:0.000277s ]
SQL: SELECT * FROM `iteminfo` WHERE ( item=870 )  [ RunTime:0.000273s ]
SQL: SELECT * FROM `iteminfo` WHERE ( item=870 )  [ RunTime:0.000309s ]
SQL: SELECT * FROM `iteminfo` WHERE ( item=873 )  [ RunTime:0.000274s ]
SQL: SELECT * FROM `iteminfo` WHERE ( item=940 )  [ RunTime:0.000266s ]
SQL: SELECT * FROM `iteminfo` WHERE ( item=940 )  [ RunTime:0.000095s ]
SQL: SELECT * FROM `iteminfo` WHERE ( item=940 )  [ RunTime:0.000279s ]
SQL: SELECT * FROM `iteminfo` WHERE ( item=943 )  [ RunTime:0.000270s ]
SQL: SELECT * FROM `iteminfo` WHERE ( item=943 )  [ RunTime:0.000284s ]
SQL: SELECT * FROM `iteminfo` WHERE ( item=944 )  [ RunTime:0.000272s ]
SQL: SELECT * FROM `iteminfo` WHERE ( item=1015 )  [ RunTime:0.000277s ]
SQL: SELECT * FROM `iteminfo` WHERE ( item=1168 )  [ RunTime:0.000276s ]
SQL: SELECT * FROM `iteminfo` WHERE ( item=1168 )  [ RunTime:0.000273s ]
SQL: SELECT * FROM `iteminfo` WHERE ( item=1168 )  [ RunTime:0.000272s ]
SQL: SELECT * FROM `iteminfo` WHERE ( item=1168 )  [ RunTime:0.000272s ]
SQL: SELECT * FROM `iteminfo` WHERE ( item=1169 )  [ RunTime:0.000276s ]
SQL: SELECT * FROM `iteminfo` WHERE ( item=1169 )  [ RunTime:0.000271s ]
SQL: SELECT * FROM `iteminfo` WHERE ( item=1169 )  [ RunTime:0.000493s ]
SQL: SELECT * FROM `iteminfo` WHERE ( item=1203 )  [ RunTime:0.000283s ]
SQL: SELECT * FROM `iteminfo` WHERE ( item=1203 )  [ RunTime:0.000274s ]
SQL: SELECT * FROM `iteminfo` WHERE ( item=1206 )  [ RunTime:0.000273s ]
SQL: SELECT * FROM `iteminfo` WHERE ( item=1206 )  [ RunTime:0.000272s ]
SQL: SELECT * FROM `iteminfo` WHERE ( item=1206 )  [ RunTime:0.000283s ]
SQL: SELECT * FROM `iteminfo` WHERE ( item=1206 )  [ RunTime:0.000273s ]
SQL: SELECT * FROM `iteminfo` WHERE ( item=1206 )  [ RunTime:0.000589s ]
SQL: SELECT * FROM `iteminfo` WHERE ( item=1206 )  [ RunTime:0.000330s ]
SQL: SELECT * FROM `iteminfo` WHERE ( item=1206 )  [ RunTime:0.000292s ]
SQL: SELECT * FROM `iteminfo` WHERE ( item=1206 )  [ RunTime:0.000291s ]
SQL: SELECT * FROM `iteminfo` WHERE ( item=1206 )  [ RunTime:0.000280s ]
SQL: SELECT * FROM `iteminfo` WHERE ( item=1206 )  [ RunTime:0.000280s ]
SQL: SELECT * FROM `iteminfo` WHERE ( item=1206 )  [ RunTime:0.000277s ]
SQL: SELECT * FROM `iteminfo` WHERE ( item=1206 )  [ RunTime:0.000275s ]
SQL: SELECT * FROM `iteminfo` WHERE ( item=1206 )  [ RunTime:0.000286s ]
SQL: SELECT * FROM `iteminfo` WHERE ( item=1206 )  [ RunTime:0.000297s ]
SQL: SELECT * FROM `iteminfo` WHERE ( item=1206 )  [ RunTime:0.000297s ]
SQL: SELECT * FROM `iteminfo` WHERE ( item=1206 )  [ RunTime:0.000293s ]
SQL: SELECT * FROM `iteminfo` WHERE ( item=1206 )  [ RunTime:0.000274s ]
SQL: SELECT * FROM `iteminfo` WHERE ( item=1206 )  [ RunTime:0.000335s ]
SQL: SELECT * FROM `iteminfo` WHERE ( item=1206 )  [ RunTime:0.000275s ]
SQL: SELECT * FROM `iteminfo` WHERE ( item=1206 )  [ RunTime:0.000278s ]
SQL: SELECT * FROM `iteminfo` WHERE ( item=1206 )  [ RunTime:0.000277s ]
SQL: SELECT * FROM `iteminfo` WHERE ( item=1206 )  [ RunTime:0.000274s ]
SQL: SELECT * FROM `iteminfo` WHERE ( item=1210 )  [ RunTime:0.000289s ]
SQL: SELECT * FROM `iteminfo` WHERE ( item=1210 )  [ RunTime:0.000304s ]
SQL: SELECT * FROM `iteminfo` WHERE ( item=1210 )  [ RunTime:0.000289s ]
SQL: SELECT * FROM `iteminfo` WHERE ( item=1210 )  [ RunTime:0.000473s ]
SQL: SELECT * FROM `iteminfo` WHERE ( item=1210 )  [ RunTime:0.000426s ]
SQL: SELECT * FROM `iteminfo` WHERE ( item=1210 )  [ RunTime:0.000333s ]
SQL: SELECT * FROM `iteminfo` WHERE ( item=1210 )  [ RunTime:0.000320s ]
SQL: SELECT * FROM `iteminfo` WHERE ( item=1210 )  [ RunTime:0.000311s ]
SQL: SELECT * FROM `iteminfo` WHERE ( item=1210 )  [ RunTime:0.000365s ]
SQL: SELECT * FROM `iteminfo` WHERE ( item=1210 )  [ RunTime:0.000310s ]
SQL: SELECT * FROM `iteminfo` WHERE ( item=1210 )  [ RunTime:0.000320s ]
SQL: SELECT * FROM `iteminfo` WHERE ( item=1210 )  [ RunTime:0.000298s ]
SQL: SELECT * FROM `iteminfo` WHERE ( item=1210 )  [ RunTime:0.000319s ]
SQL: SELECT * FROM `iteminfo` WHERE ( item=1210 )  [ RunTime:0.000293s ]
SQL: SELECT * FROM `iteminfo` WHERE ( item=1210 )  [ RunTime:0.000314s ]
SQL: SELECT * FROM `iteminfo` WHERE ( item=1210 )  [ RunTime:0.000297s ]
SQL: SELECT * FROM `iteminfo` WHERE ( item=1210 )  [ RunTime:0.000304s ]
SQL: SELECT * FROM `iteminfo` WHERE ( item=1210 )  [ RunTime:0.000322s ]
SQL: SELECT * FROM `iteminfo` WHERE ( item=1210 )  [ RunTime:0.000298s ]
SQL: SELECT * FROM `iteminfo` WHERE ( item=1210 )  [ RunTime:0.000300s ]
SQL: SELECT * FROM `iteminfo` WHERE ( item=1210 )  [ RunTime:0.000304s ]
SQL: SELECT * FROM `iteminfo` WHERE ( item=1210 )  [ RunTime:0.000296s ]
SQL: SELECT * FROM `iteminfo` WHERE ( item=1210 )  [ RunTime:0.000300s ]
SQL: SELECT * FROM `iteminfo` WHERE ( item=1210 )  [ RunTime:0.000300s ]
SQL: SELECT * FROM `iteminfo` WHERE ( item=1210 )  [ RunTime:0.000293s ]
SQL: SELECT * FROM `iteminfo` WHERE ( item=1210 )  [ RunTime:0.000302s ]
SQL: SELECT * FROM `iteminfo` WHERE ( item=1210 )  [ RunTime:0.000289s ]
SQL: SELECT * FROM `iteminfo` WHERE ( item=1210 )  [ RunTime:0.000303s ]
SQL: SELECT * FROM `iteminfo` WHERE ( item=1263 )  [ RunTime:0.000529s ]
SQL: SELECT * FROM `iteminfo` WHERE ( item=1263 )  [ RunTime:0.000300s ]
SQL: SELECT * FROM `iteminfo` WHERE ( item=1263 )  [ RunTime:0.000295s ]
SQL: SELECT * FROM `iteminfo` WHERE ( item=1263 )  [ RunTime:0.000306s ]
SQL: SELECT * FROM `iteminfo` WHERE ( item=1443 )  [ RunTime:0.000292s ]
SQL: SELECT * FROM `iteminfo` WHERE ( item=1443 )  [ RunTime:0.000305s ]
SQL: SELECT * FROM `iteminfo` WHERE ( item=1443 )  [ RunTime:0.000299s ]
SQL: SELECT * FROM `iteminfo` WHERE ( item=1447 )  [ RunTime:0.000292s ]
SQL: SELECT * FROM `iteminfo` WHERE ( item=1529 )  [ RunTime:0.000303s ]
SQL: SELECT * FROM `iteminfo` WHERE ( item=1529 )  [ RunTime:0.000297s ]
SQL: SELECT * FROM `iteminfo` WHERE ( item=1529 )  [ RunTime:0.000297s ]
SQL: SELECT * FROM `iteminfo` WHERE ( item=1529 )  [ RunTime:0.000298s ]
SQL: SELECT * FROM `iteminfo` WHERE ( item=1529 )  [ RunTime:0.000286s ]
SQL: SELECT * FROM `iteminfo` WHERE ( item=1529 )  [ RunTime:0.000295s ]
SQL: SELECT * FROM `iteminfo` WHERE ( item=1529 )  [ RunTime:0.000299s ]
SQL: SELECT * FROM `iteminfo` WHERE ( item=1529 )  [ RunTime:0.000320s ]
SQL: SELECT * FROM `iteminfo` WHERE ( item=1529 )  [ RunTime:0.000298s ]
SQL: SELECT * FROM `iteminfo` WHERE ( item=1529 )  [ RunTime:0.000550s ]
SQL: SELECT * FROM `iteminfo` WHERE ( item=1529 )  [ RunTime:0.000294s ]
SQL: SELECT * FROM `iteminfo` WHERE ( item=1529 )  [ RunTime:0.000329s ]
SQL: SELECT * FROM `iteminfo` WHERE ( item=1529 )  [ RunTime:0.000303s ]
SQL: SELECT * FROM `iteminfo` WHERE ( item=1529 )  [ RunTime:0.000425s ]
SQL: SELECT * FROM `iteminfo` WHERE ( item=1529 )  [ RunTime:0.000485s ]
SQL: SELECT * FROM `iteminfo` WHERE ( item=1529 )  [ RunTime:0.000847s ]
SQL: SELECT * FROM `iteminfo` WHERE ( item=1529 )  [ RunTime:0.000076s ]
SQL: SELECT * FROM `iteminfo` WHERE ( item=1529 )  [ RunTime:0.000068s ]
SQL: SELECT * FROM `iteminfo` WHERE ( item=1529 )  [ RunTime:0.000479s ]
SQL: SELECT * FROM `iteminfo` WHERE ( item=1529 )  [ RunTime:0.000489s ]
SQL: SELECT * FROM `iteminfo` WHERE ( item=1613 )  [ RunTime:0.000476s ]
SQL: SELECT * FROM `iteminfo` WHERE ( item=1640 )  [ RunTime:0.000530s ]
SQL: SELECT * FROM `iteminfo` WHERE ( item=1705 )  [ RunTime:0.000480s ]
SQL: SELECT * FROM `iteminfo` WHERE ( item=1705 )  [ RunTime:0.000074s ]
SQL: SELECT * FROM `iteminfo` WHERE ( item=1705 )  [ RunTime:0.000298s ]
SQL: SELECT * FROM `iteminfo` WHERE ( item=1705 )  [ RunTime:0.000321s ]
SQL: SELECT * FROM `iteminfo` WHERE ( item=1705 )  [ RunTime:0.000303s ]
SQL: SELECT * FROM `iteminfo` WHERE ( item=1705 )  [ RunTime:0.000302s ]
SQL: SELECT * FROM `iteminfo` WHERE ( item=1705 )  [ RunTime:0.000334s ]
SQL: SELECT * FROM `iteminfo` WHERE ( item=1705 )  [ RunTime:0.000298s ]
SQL: SELECT * FROM `iteminfo` WHERE ( item=1705 )  [ RunTime:0.000303s ]
SQL: SELECT * FROM `iteminfo` WHERE ( item=1705 )  [ RunTime:0.000301s ]
SQL: SELECT * FROM `iteminfo` WHERE ( item=1705 )  [ RunTime:0.000297s ]
SQL: SELECT * FROM `iteminfo` WHERE ( item=1705 )  [ RunTime:0.000297s ]
SQL: SELECT * FROM `iteminfo` WHERE ( item=1705 )  [ RunTime:0.000292s ]
SQL: SELECT * FROM `iteminfo` WHERE ( item=1705 )  [ RunTime:0.000303s ]
SQL: SELECT * FROM `iteminfo` WHERE ( item=1705 )  [ RunTime:0.000295s ]
SQL: SELECT * FROM `iteminfo` WHERE ( item=1705 )  [ RunTime:0.000291s ]
SQL: SELECT * FROM `iteminfo` WHERE ( item=1705 )  [ RunTime:0.000306s ]
SQL: SELECT * FROM `iteminfo` WHERE ( item=1705 )  [ RunTime:0.000303s ]
SQL: SELECT * FROM `iteminfo` WHERE ( item=1705 )  [ RunTime:0.000297s ]
SQL: SELECT * FROM `iteminfo` WHERE ( item=1705 )  [ RunTime:0.000303s ]
SQL: SELECT * FROM `iteminfo` WHERE ( item=1705 )  [ RunTime:0.000307s ]
SQL: SELECT * FROM `iteminfo` WHERE ( item=1705 )  [ RunTime:0.000281s ]
SQL: SELECT * FROM `iteminfo` WHERE ( item=1705 )  [ RunTime:0.000292s ]
SQL: SELECT * FROM `iteminfo` WHERE ( item=1705 )  [ RunTime:0.000676s ]
SQL: SELECT * FROM `iteminfo` WHERE ( item=1716 )  [ RunTime:0.000296s ]
SQL: SELECT * FROM `iteminfo` WHERE ( item=1725 )  [ RunTime:0.000628s ]
SQL: SELECT * FROM `iteminfo` WHERE ( item=1761 )  [ RunTime:0.000524s ]
SQL: SELECT * FROM `iteminfo` WHERE ( item=1973 )  [ RunTime:0.000286s ]
SQL: SELECT * FROM `iteminfo` WHERE ( item=1973 )  [ RunTime:0.000284s ]
SQL: SELECT * FROM `iteminfo` WHERE ( item=1973 )  [ RunTime:0.000275s ]
SQL: SELECT * FROM `iteminfo` WHERE ( item=1973 )  [ RunTime:0.000417s ]
SQL: SELECT * FROM `iteminfo` WHERE ( item=1973 )  [ RunTime:0.000073s ]
SQL: SELECT * FROM `iteminfo` WHERE ( item=1973 )  [ RunTime:0.000400s ]
SQL: SELECT * FROM `iteminfo` WHERE ( item=1973 )  [ RunTime:0.000429s ]
SQL: SELECT * FROM `iteminfo` WHERE ( item=1973 )  [ RunTime:0.000297s ]
SQL: SELECT * FROM `iteminfo` WHERE ( item=1973 )  [ RunTime:0.000369s ]
SQL: SELECT * FROM `iteminfo` WHERE ( item=1973 )  [ RunTime:0.000440s ]
SQL: SELECT * FROM `iteminfo` WHERE ( item=1973 )  [ RunTime:0.000403s ]
SQL: SELECT * FROM `iteminfo` WHERE ( item=1978 )  [ RunTime:0.000625s ]
SQL: SELECT * FROM `iteminfo` WHERE ( item=1979 )  [ RunTime:0.000640s ]
SQL: SELECT * FROM `iteminfo` WHERE ( item=1982 )  [ RunTime:0.000313s ]
SQL: SELECT * FROM `iteminfo` WHERE ( item=2034 )  [ RunTime:0.000365s ]
SQL: SELECT * FROM `iteminfo` WHERE ( item=2077 )  [ RunTime:0.000295s ]
SQL: SELECT * FROM `iteminfo` WHERE ( item=2099 )  [ RunTime:0.000288s ]
SQL: SELECT * FROM `iteminfo` WHERE ( item=2099 )  [ RunTime:0.000284s ]
SQL: SELECT * FROM `iteminfo` WHERE ( item=2099 )  [ RunTime:0.000492s ]
SQL: SELECT * FROM `iteminfo` WHERE ( item=2163 )  [ RunTime:0.000279s ]
SQL: SELECT * FROM `iteminfo` WHERE ( item=2163 )  [ RunTime:0.000276s ]
SQL: SELECT * FROM `iteminfo` WHERE ( item=2243 )  [ RunTime:0.000277s ]
SQL: SELECT * FROM `iteminfo` WHERE ( item=2316 )  [ RunTime:0.000279s ]
SQL: SELECT * FROM `iteminfo` WHERE ( item=2318 )  [ RunTime:0.000276s ]
SQL: SELECT * FROM `iteminfo` WHERE ( item=2318 )  [ RunTime:0.000295s ]
SQL: SELECT * FROM `iteminfo` WHERE ( item=2318 )  [ RunTime:0.000277s ]
SQL: SELECT * FROM `iteminfo` WHERE ( item=2318 )  [ RunTime:0.000273s ]
SQL: SELECT * FROM `iteminfo` WHERE ( item=2318 )  [ RunTime:0.000273s ]
SQL: SELECT * FROM `iteminfo` WHERE ( item=2318 )  [ RunTime:0.000275s ]
SQL: SELECT * FROM `iteminfo` WHERE ( item=2318 )  [ RunTime:0.000272s ]
SQL: SELECT * FROM `iteminfo` WHERE ( item=2318 )  [ RunTime:0.000276s ]
SQL: SELECT * FROM `iteminfo` WHERE ( item=2318 )  [ RunTime:0.000216s ]
SQL: SELECT * FROM `iteminfo` WHERE ( item=2319 )  [ RunTime:0.000380s ]
SQL: SELECT * FROM `iteminfo` WHERE ( item=2319 )  [ RunTime:0.000320s ]
SQL: SELECT * FROM `iteminfo` WHERE ( item=2319 )  [ RunTime:0.000282s ]
SQL: SELECT * FROM `iteminfo` WHERE ( item=2319 )  [ RunTime:0.000279s ]
SQL: SELECT * FROM `iteminfo` WHERE ( item=2319 )  [ RunTime:0.000277s ]
SQL: SELECT * FROM `iteminfo` WHERE ( item=2319 )  [ RunTime:0.000275s ]
SQL: SELECT * FROM `iteminfo` WHERE ( item=2319 )  [ RunTime:0.000272s ]
SQL: SELECT * FROM `iteminfo` WHERE ( item=2319 )  [ RunTime:0.000366s ]
SQL: SELECT * FROM `iteminfo` WHERE ( item=2319 )  [ RunTime:0.000277s ]
SQL: SELECT * FROM `iteminfo` WHERE ( item=2319 )  [ RunTime:0.000277s ]
SQL: SELECT * FROM `iteminfo` WHERE ( item=2319 )  [ RunTime:0.000277s ]
SQL: SELECT * FROM `iteminfo` WHERE ( item=2319 )  [ RunTime:0.000279s ]
SQL: SELECT * FROM `iteminfo` WHERE ( item=2319 )  [ RunTime:0.000275s ]
SQL: SELECT * FROM `iteminfo` WHERE ( item=2319 )  [ RunTime:0.000276s ]
SQL: SELECT * FROM `iteminfo` WHERE ( item=2319 )  [ RunTime:0.000275s ]
SQL: SELECT * FROM `iteminfo` WHERE ( item=2319 )  [ RunTime:0.000275s ]
SQL: SELECT * FROM `iteminfo` WHERE ( item=2319 )  [ RunTime:0.000276s ]
SQL: SELECT * FROM `iteminfo` WHERE ( item=2319 )  [ RunTime:0.000275s ]
SQL: SELECT * FROM `iteminfo` WHERE ( item=2319 )  [ RunTime:0.000275s ]
SQL: SELECT * FROM `iteminfo` WHERE ( item=2319 )  [ RunTime:0.000274s ]
SQL: SELECT * FROM `iteminfo` WHERE ( item=2319 )  [ RunTime:0.000291s ]
SQL: SELECT * FROM `iteminfo` WHERE ( item=2319 )  [ RunTime:0.000276s ]
SQL: SELECT * FROM `iteminfo` WHERE ( item=2319 )  [ RunTime:0.000276s ]
SQL: SELECT * FROM `iteminfo` WHERE ( item=2319 )  [ RunTime:0.000277s ]
SQL: SELECT * FROM `iteminfo` WHERE ( item=2319 )  [ RunTime:0.000275s ]
SQL: SELECT * FROM `iteminfo` WHERE ( item=2319 )  [ RunTime:0.000275s ]
SQL: SELECT * FROM `iteminfo` WHERE ( item=2319 )  [ RunTime:0.000280s ]
SQL: SELECT * FROM `iteminfo` WHERE ( item=2319 )  [ RunTime:0.000278s ]
SQL: SELECT * FROM `iteminfo` WHERE ( item=2320 )  [ RunTime:0.000275s ]
SQL: SELECT * FROM `iteminfo` WHERE ( item=2320 )  [ RunTime:0.000274s ]
SQL: SELECT * FROM `iteminfo` WHERE ( item=2320 )  [ RunTime:0.000276s ]
SQL: SELECT * FROM `iteminfo` WHERE ( item=2321 )  [ RunTime:0.000276s ]
SQL: SELECT * FROM `iteminfo` WHERE ( item=2321 )  [ RunTime:0.000274s ]
SQL: SELECT * FROM `iteminfo` WHERE ( item=2321 )  [ RunTime:0.000276s ]
SQL: SELECT * FROM `iteminfo` WHERE ( item=2321 )  [ RunTime:0.000277s ]
SQL: SELECT * FROM `iteminfo` WHERE ( item=2324 )  [ RunTime:0.000276s ]
SQL: SELECT * FROM `iteminfo` WHERE ( item=2324 )  [ RunTime:0.000275s ]
SQL: SELECT * FROM `iteminfo` WHERE ( item=2324 )  [ RunTime:0.000274s ]
SQL: SELECT * FROM `iteminfo` WHERE ( item=2324 )  [ RunTime:0.000291s ]
SQL: SELECT * FROM `iteminfo` WHERE ( item=2325 )  [ RunTime:0.000294s ]
SQL: SELECT * FROM `iteminfo` WHERE ( item=2325 )  [ RunTime:0.000278s ]
SQL: SELECT * FROM `iteminfo` WHERE ( item=2325 )  [ RunTime:0.000275s ]
SQL: SELECT * FROM `iteminfo` WHERE ( item=2406 )  [ RunTime:0.000274s ]
SQL: SELECT * FROM `iteminfo` WHERE ( item=2406 )  [ RunTime:0.000274s ]
SQL: SELECT * FROM `iteminfo` WHERE ( item=2406 )  [ RunTime:0.000379s ]
SQL: SELECT * FROM `iteminfo` WHERE ( item=2407 )  [ RunTime:0.000465s ]
SQL: SELECT * FROM `iteminfo` WHERE ( item=2407 )  [ RunTime:0.000461s ]
SQL: SELECT * FROM `iteminfo` WHERE ( item=2407 )  [ RunTime:0.000369s ]
SQL: SELECT * FROM `iteminfo` WHERE ( item=2408 )  [ RunTime:0.000455s ]
SQL: SELECT * FROM `iteminfo` WHERE ( item=2447 )  [ RunTime:0.000461s ]
SQL: SELECT * FROM `iteminfo` WHERE ( item=2447 )  [ RunTime:0.000382s ]
SQL: SELECT * FROM `iteminfo` WHERE ( item=2447 )  [ RunTime:0.000326s ]
SQL: SELECT * FROM `iteminfo` WHERE ( item=2447 )  [ RunTime:0.000554s ]
SQL: SELECT * FROM `iteminfo` WHERE ( item=2447 )  [ RunTime:0.000344s ]
SQL: SELECT * FROM `iteminfo` WHERE ( item=2447 )  [ RunTime:0.000419s ]
SQL: SELECT * FROM `iteminfo` WHERE ( item=2447 )  [ RunTime:0.000478s ]
SQL: SELECT * FROM `iteminfo` WHERE ( item=2447 )  [ RunTime:0.000327s ]
SQL: SELECT * FROM `iteminfo` WHERE ( item=2447 )  [ RunTime:0.000302s ]
SQL: SELECT * FROM `iteminfo` WHERE ( item=2447 )  [ RunTime:0.000307s ]
SQL: SELECT * FROM `iteminfo` WHERE ( item=2449 )  [ RunTime:0.000291s ]
SQL: SELECT * FROM `iteminfo` WHERE ( item=2449 )  [ RunTime:0.000291s ]
SQL: SELECT * FROM `iteminfo` WHERE ( item=2449 )  [ RunTime:0.000284s ]
SQL: SELECT * FROM `iteminfo` WHERE ( item=2449 )  [ RunTime:0.000280s ]
SQL: SELECT * FROM `iteminfo` WHERE ( item=2449 )  [ RunTime:0.000277s ]
SQL: SELECT * FROM `iteminfo` WHERE ( item=2449 )  [ RunTime:0.000278s ]
SQL: SELECT * FROM `iteminfo` WHERE ( item=2449 )  [ RunTime:0.000305s ]
SQL: SELECT * FROM `iteminfo` WHERE ( item=2449 )  [ RunTime:0.000275s ]
SQL: SELECT * FROM `iteminfo` WHERE ( item=2449 )  [ RunTime:0.000275s ]
SQL: SELECT * FROM `iteminfo` WHERE ( item=2449 )  [ RunTime:0.000385s ]
SQL: SELECT * FROM `iteminfo` WHERE ( item=2449 )  [ RunTime:0.000327s ]
SQL: SELECT * FROM `iteminfo` WHERE ( item=2449 )  [ RunTime:0.000294s ]
SQL: SELECT * FROM `iteminfo` WHERE ( item=2449 )  [ RunTime:0.000285s ]
SQL: SELECT * FROM `iteminfo` WHERE ( item=2449 )  [ RunTime:0.000281s ]
SQL: SELECT * FROM `iteminfo` WHERE ( item=2449 )  [ RunTime:0.000283s ]
SQL: SELECT * FROM `iteminfo` WHERE ( item=2449 )  [ RunTime:0.000286s ]
SQL: SELECT * FROM `iteminfo` WHERE ( item=2449 )  [ RunTime:0.000278s ]
SQL: SELECT * FROM `iteminfo` WHERE ( item=2449 )  [ RunTime:0.000286s ]
SQL: SELECT * FROM `iteminfo` WHERE ( item=2450 )  [ RunTime:0.000490s ]
SQL: SELECT * FROM `iteminfo` WHERE ( item=2450 )  [ RunTime:0.000278s ]
SQL: SELECT * FROM `iteminfo` WHERE ( item=2450 )  [ RunTime:0.000273s ]
SQL: SELECT * FROM `iteminfo` WHERE ( item=2450 )  [ RunTime:0.000272s ]
SQL: SELECT * FROM `iteminfo` WHERE ( item=2450 )  [ RunTime:0.000271s ]
SQL: SELECT * FROM `iteminfo` WHERE ( item=2450 )  [ RunTime:0.000271s ]
SQL: SELECT * FROM `iteminfo` WHERE ( item=2450 )  [ RunTime:0.000273s ]
SQL: SELECT * FROM `iteminfo` WHERE ( item=2450 )  [ RunTime:0.000272s ]
SQL: SELECT * FROM `iteminfo` WHERE ( item=2450 )  [ RunTime:0.000340s ]
SQL: SELECT * FROM `iteminfo` WHERE ( item=2450 )  [ RunTime:0.000274s ]
SQL: SELECT * FROM `iteminfo` WHERE ( item=2450 )  [ RunTime:0.000297s ]
SQL: SELECT * FROM `iteminfo` WHERE ( item=2450 )  [ RunTime:0.000272s ]
SQL: SELECT * FROM `iteminfo` WHERE ( item=2450 )  [ RunTime:0.000270s ]
SQL: SELECT * FROM `iteminfo` WHERE ( item=2450 )  [ RunTime:0.000271s ]
SQL: SELECT * FROM `iteminfo` WHERE ( item=2450 )  [ RunTime:0.000271s ]
SQL: SELECT * FROM `iteminfo` WHERE ( item=2450 )  [ RunTime:0.000270s ]
SQL: SELECT * FROM `iteminfo` WHERE ( item=2450 )  [ RunTime:0.000272s ]
SQL: SELECT * FROM `iteminfo` WHERE ( item=2450 )  [ RunTime:0.000270s ]
SQL: SELECT * FROM `iteminfo` WHERE ( item=2452 )  [ RunTime:0.000271s ]
SQL: SELECT * FROM `iteminfo` WHERE ( item=2452 )  [ RunTime:0.000269s ]
SQL: SELECT * FROM `iteminfo` WHERE ( item=2452 )  [ RunTime:0.000269s ]
SQL: SELECT * FROM `iteminfo` WHERE ( item=2452 )  [ RunTime:0.000269s ]
SQL: SELECT * FROM `iteminfo` WHERE ( item=2452 )  [ RunTime:0.000270s ]
SQL: SELECT * FROM `iteminfo` WHERE ( item=2452 )  [ RunTime:0.000273s ]
SQL: SELECT * FROM `iteminfo` WHERE ( item=2452 )  [ RunTime:0.000268s ]
SQL: SELECT * FROM `iteminfo` WHERE ( item=2452 )  [ RunTime:0.000268s ]
SQL: SELECT * FROM `iteminfo` WHERE ( item=2452 )  [ RunTime:0.000341s ]
SQL: SELECT * FROM `iteminfo` WHERE ( item=2452 )  [ RunTime:0.000063s ]
SQL: SELECT * FROM `iteminfo` WHERE ( item=2452 )  [ RunTime:0.000271s ]
SQL: SELECT * FROM `iteminfo` WHERE ( item=2452 )  [ RunTime:0.000268s ]
SQL: SELECT * FROM `iteminfo` WHERE ( item=2452 )  [ RunTime:0.000277s ]
SQL: SELECT * FROM `iteminfo` WHERE ( item=2452 )  [ RunTime:0.000269s ]
SQL: SELECT * FROM `iteminfo` WHERE ( item=2452 )  [ RunTime:0.000269s ]
SQL: SELECT * FROM `iteminfo` WHERE ( item=2452 )  [ RunTime:0.000468s ]
SQL: SELECT * FROM `iteminfo` WHERE ( item=2452 )  [ RunTime:0.000268s ]
SQL: SELECT * FROM `iteminfo` WHERE ( item=2452 )  [ RunTime:0.000361s ]
SQL: SELECT * FROM `iteminfo` WHERE ( item=2452 )  [ RunTime:0.000297s ]
SQL: SELECT * FROM `iteminfo` WHERE ( item=2452 )  [ RunTime:0.000274s ]
SQL: SELECT * FROM `iteminfo` WHERE ( item=2452 )  [ RunTime:0.000290s ]
SQL: SELECT * FROM `iteminfo` WHERE ( item=2453 )  [ RunTime:0.000277s ]
SQL: SELECT * FROM `iteminfo` WHERE ( item=2453 )  [ RunTime:0.000271s ]
SQL: SELECT * FROM `iteminfo` WHERE ( item=2453 )  [ RunTime:0.000277s ]
SQL: SELECT * FROM `iteminfo` WHERE ( item=2453 )  [ RunTime:0.000068s ]
SQL: SELECT * FROM `iteminfo` WHERE ( item=2453 )  [ RunTime:0.000463s ]
SQL: SELECT * FROM `iteminfo` WHERE ( item=2453 )  [ RunTime:0.000267s ]
SQL: SELECT * FROM `iteminfo` WHERE ( item=2453 )  [ RunTime:0.000269s ]
SQL: SELECT * FROM `iteminfo` WHERE ( item=2553 )  [ RunTime:0.000276s ]
SQL: SELECT * FROM `iteminfo` WHERE ( item=2565 )  [ RunTime:0.000269s ]
SQL: SELECT * FROM `iteminfo` WHERE ( item=2572 )  [ RunTime:0.000355s ]
SQL: SELECT * FROM `iteminfo` WHERE ( item=2575 )  [ RunTime:0.000064s ]
SQL: SELECT * FROM `iteminfo` WHERE ( item=2575 )  [ RunTime:0.000270s ]
SQL: SELECT * FROM `iteminfo` WHERE ( item=2575 )  [ RunTime:0.000277s ]
SQL: SELECT * FROM `iteminfo` WHERE ( item=2575 )  [ RunTime:0.000271s ]
SQL: SELECT * FROM `iteminfo` WHERE ( item=2575 )  [ RunTime:0.000284s ]
SQL: SELECT * FROM `iteminfo` WHERE ( item=2575 )  [ RunTime:0.000273s ]
SQL: SELECT * FROM `iteminfo` WHERE ( item=2575 )  [ RunTime:0.000271s ]
SQL: SELECT * FROM `iteminfo` WHERE ( item=2576 )  [ RunTime:0.000270s ]
SQL: SELECT * FROM `iteminfo` WHERE ( item=2576 )  [ RunTime:0.000270s ]
SQL: SELECT * FROM `iteminfo` WHERE ( item=2576 )  [ RunTime:0.000294s ]
SQL: SELECT * FROM `iteminfo` WHERE ( item=2577 )  [ RunTime:0.000274s ]
SQL: SELECT * FROM `iteminfo` WHERE ( item=2577 )  [ RunTime:0.000280s ]
SQL: SELECT * FROM `iteminfo` WHERE ( item=2577 )  [ RunTime:0.000270s ]
NOTIC: [2] Missing argument 1 for Think\Controller::show(), called in /var/www/wow/Application/Home/Controller/IndexController.class.php on line 73 and defined /var/www/wow/ThinkPHP/Library/Think/Controller.class.php 第 68 行.
NOTIC: [8] Undefined variable: content /var/www/wow/ThinkPHP/Library/Think/Controller.class.php 第 69 行.
INFO: [ view_parse ] --START--
NOTIC: [8] Undefined offset: 1 /var/www/wow/ThinkPHP/Library/Think/Template/TagLib/Cx.class.php 第 494 行.
NOTIC: [8] Undefined offset: 1 /var/www/wow/ThinkPHP/Library/Think/Template/TagLib/Cx.class.php 第 494 行.
NOTIC: [8] Undefined offset: 1 /var/www/wow/ThinkPHP/Library/Think/Template/TagLib/Cx.class.php 第 494 行.
NOTIC: [8] Undefined offset: 1 /var/www/wow/ThinkPHP/Library/Think/Template/TagLib/Cx.class.php 第 494 行.
INFO: [ template_filter ] --START--
INFO: Run Behavior\ContentReplaceBehavior [ RunTime:0.000044s ]
INFO: [ template_filter ] --END-- [ RunTime:0.000100s ]
INFO: Run Behavior\ParseTemplateBehavior [ RunTime:0.016141s ]
INFO: [ view_parse ] --END-- [ RunTime:0.016203s ]
INFO: [ view_filter ] --START--
INFO: Run Behavior\WriteHtmlCacheBehavior [ RunTime:0.000127s ]
INFO: [ view_filter ] --END-- [ RunTime:0.000176s ]
INFO: [ app_end ] --START--
INFO: Run Behavior\ShowPageTraceBehavior [ RunTime:0.000361s ]
INFO: [ app_end ] --END-- [ RunTime:0.000422s ]

